 ***The total size is  0 !!! ***** !
 The rank  0 's block number: 342!
 ***The total size is  1 !!! ***** !
 The rank  1 's block number: 342!
 ***The total size is  2 !!! ***** !
 The rank  2 's block number: 342!
 The rank split 2 successful!
 ***The rank 2 initialize begin *****/n !
 The rank split 0 successful!
 ***The rank 0 initialize begin *****/n !
 The rank split 1 successful!
 ***The rank 1 initialize begin *****/n !
 ***The rank 2 initialize success ***** !
 The initial Halo begin ***The rank 2 send left successful ***** !
 ***The rank 1 initialize success ***** !
 The initial Halo begin ***The rank 1 send left successful ***** !
 ***The rank 0 initialize success ***** !
 The initial Halo begin ***The rank 0 receive right successful ***** !
 ***The rank 1 receive right successful ***** !
 ***The rank 0 send right successful ***** !
 The initial Halo successful 
! ***The rank 1 send right successful ***** !
 ***The rank 1 receive left successful ***** !
 The initial Halo successful 
! ***The rank 2 receive left successful ***** !
 The initial Halo successful 
! *** The rank 2 's 0 interate begin ***** !
 *** The rank 0 's 0 interate begin ***** !
 *** The rank 1 's 0 interate begin ***** !
 *** The rank 2 's 0 interate first calucate successful! ***** !
 *** The rank 0 's 0 interate first calucate successful! ***** !
 *** The rank 1 's 0 interate first calucate successful! ***** !
 *** The rank 0 's 0 interate second calucate successful! ***** !
 ***The rank 0 receive right successful ***** !
 *** The rank 1 's 0 interate second calucate successful! ***** !
 ***The rank 1 send left successful ***** !
 *** The rank 2 's 0 interate second calucate successful! ***** !
 ***The rank 2 send left successful ***** !
 ***The rank 1 receive right successful ***** !
 ***The rank 1 send right successful ***** !
 ***The rank 1 receive left successful ***** !
 ***The rank 2 receive left successful ***** !
 *** The rank 2 's 0 interate successful ***** !
 *** The rank 2 's 1 interate begin ***** !
 ***The rank 0 send right successful ***** !
 *** The rank 0 's 0 interate successful ***** !
 *** The rank 0 's 1 interate begin ***** !
 *** The rank 1 's 0 interate successful ***** !
 *** The rank 1 's 1 interate begin ***** !
 *** The rank 2 's 1 interate first calucate successful! ***** !
 *** The rank 0 's 1 interate first calucate successful! ***** !
 *** The rank 1 's 1 interate first calucate successful! ***** !
 *** The rank 0 's 1 interate second calucate successful! ***** !
 ***The rank 0 receive right successful ***** !
 *** The rank 1 's 1 interate second calucate successful! ***** !
 ***The rank 1 send left successful ***** !
 ***The rank 0 send right successful ***** !
 *** The rank 0 's 1 interate successful ***** !
 ***The rank 1 receive right successful ***** !
 ***The rank 1 send right successful ***** !
 ***The rank 1 receive left successful ***** !
 *** The rank 1 's 1 interate successful ***** !
 *** The rank 2 's 1 interate second calucate successful! ***** !
 ***The rank 2 send left successful ***** !
 ***The rank 2 receive left successful ***** !
 *** The rank 2 's 1 interate successful ***** !
------------------------------------
 runtime: 0.007791 s
------------------------------------
With 3 processes
[mpiexec@bc4login1.bc4.acrc.priv] Sending Ctrl-C to processes as requested
[mpiexec@bc4login1.bc4.acrc.priv] Press Ctrl-C again to force abort
