Running on host compute086.bc4.acrc.priv
Time is Thu Dec 12 10:17:45 GMT 2019
Directory is /mnt/storage/home/fh19804/Stencil/OpenMP
Slurm job ID is 2902321

This job runs on the following machines:
compute086

Processor 1
------------------------------------
 runtime: 7.282138 s
------------------------------------
------------------------------------
 runtime: 6.789273 s
------------------------------------
------------------------------------
 runtime: 7.260236 s
------------------------------------
------------------------------------
 runtime: 7.271425 s
------------------------------------
------------------------------------
 runtime: 7.271251 s
------------------------------------
Processor 2
------------------------------------
 runtime: 3.573039 s
------------------------------------
------------------------------------
 runtime: 3.569564 s
------------------------------------
------------------------------------
 runtime: 3.567303 s
------------------------------------
------------------------------------
 runtime: 3.577028 s
------------------------------------
------------------------------------
 runtime: 3.579852 s
------------------------------------
Processor 3
------------------------------------
 runtime: 2.549205 s
------------------------------------
------------------------------------
 runtime: 2.527457 s
------------------------------------
------------------------------------
 runtime: 2.500471 s
------------------------------------
------------------------------------
 runtime: 2.503456 s
------------------------------------
------------------------------------
 runtime: 2.575755 s
------------------------------------
Processor 4
------------------------------------
 runtime: 1.985527 s
------------------------------------
------------------------------------
 runtime: 2.096100 s
------------------------------------
------------------------------------
 runtime: 1.945201 s
------------------------------------
------------------------------------
 runtime: 2.040391 s
------------------------------------
------------------------------------
 runtime: 2.003244 s
------------------------------------
Processor 5
------------------------------------
 runtime: 1.715890 s
------------------------------------
------------------------------------
 runtime: 1.797756 s
------------------------------------
------------------------------------
 runtime: 1.691828 s
------------------------------------
------------------------------------
 runtime: 1.873598 s
------------------------------------
------------------------------------
 runtime: 1.831752 s
------------------------------------
Processor 6
------------------------------------
 runtime: 1.699147 s
------------------------------------
------------------------------------
 runtime: 1.680462 s
------------------------------------
------------------------------------
 runtime: 1.628705 s
------------------------------------
------------------------------------
 runtime: 1.631906 s
------------------------------------
------------------------------------
 runtime: 1.637297 s
------------------------------------
Processor 7
------------------------------------
 runtime: 1.549404 s
------------------------------------
------------------------------------
 runtime: 1.579936 s
------------------------------------
------------------------------------
 runtime: 1.534606 s
------------------------------------
------------------------------------
 runtime: 1.592947 s
------------------------------------
------------------------------------
 runtime: 1.525947 s
------------------------------------
Processor 8
------------------------------------
 runtime: 1.551373 s
------------------------------------
------------------------------------
 runtime: 1.551528 s
------------------------------------
------------------------------------
 runtime: 1.503686 s
------------------------------------
------------------------------------
 runtime: 1.584875 s
------------------------------------
------------------------------------
 runtime: 1.504621 s
------------------------------------
Processor 9
------------------------------------
 runtime: 1.626607 s
------------------------------------
------------------------------------
 runtime: 1.532854 s
------------------------------------
------------------------------------
 runtime: 1.482504 s
------------------------------------
------------------------------------
 runtime: 1.483286 s
------------------------------------
------------------------------------
 runtime: 1.468587 s
------------------------------------
Processor 10
------------------------------------
 runtime: 1.424970 s
------------------------------------
------------------------------------
 runtime: 1.427089 s
------------------------------------
------------------------------------
 runtime: 1.474155 s
------------------------------------
------------------------------------
 runtime: 1.419675 s
------------------------------------
------------------------------------
 runtime: 1.481504 s
------------------------------------
Processor 11
------------------------------------
 runtime: 1.433463 s
------------------------------------
------------------------------------
 runtime: 1.411045 s
------------------------------------
------------------------------------
 runtime: 1.384487 s
------------------------------------
------------------------------------
 runtime: 1.376171 s
------------------------------------
------------------------------------
 runtime: 1.431734 s
------------------------------------
Processor 12
------------------------------------
 runtime: 1.417441 s
------------------------------------
------------------------------------
 runtime: 1.344885 s
------------------------------------
------------------------------------
 runtime: 1.346385 s
------------------------------------
------------------------------------
 runtime: 1.447193 s
------------------------------------
------------------------------------
 runtime: 1.369426 s
------------------------------------
Processor 13
------------------------------------
 runtime: 1.441111 s
------------------------------------
------------------------------------
 runtime: 1.364371 s
------------------------------------
------------------------------------
 runtime: 1.399504 s
------------------------------------
------------------------------------
 runtime: 1.489807 s
------------------------------------
------------------------------------
 runtime: 1.394668 s
------------------------------------
Processor 14
------------------------------------
 runtime: 1.369264 s
------------------------------------
------------------------------------
 runtime: 1.390187 s
------------------------------------
------------------------------------
 runtime: 1.390368 s
------------------------------------
------------------------------------
 runtime: 1.343382 s
------------------------------------
------------------------------------
 runtime: 1.389943 s
------------------------------------
Processor 15
------------------------------------
 runtime: 1.383273 s
------------------------------------
------------------------------------
 runtime: 1.511005 s
------------------------------------
------------------------------------
 runtime: 1.395199 s
------------------------------------
------------------------------------
 runtime: 1.372178 s
------------------------------------
------------------------------------
 runtime: 1.459761 s
------------------------------------
Processor 16
------------------------------------
 runtime: 1.355867 s
------------------------------------
------------------------------------
 runtime: 1.370131 s
------------------------------------
------------------------------------
 runtime: 1.459111 s
------------------------------------
------------------------------------
 runtime: 1.418639 s
------------------------------------
------------------------------------
 runtime: 1.418183 s
------------------------------------
Processor 17
------------------------------------
 runtime: 1.409765 s
------------------------------------
------------------------------------
 runtime: 1.393186 s
------------------------------------
------------------------------------
 runtime: 1.364162 s
------------------------------------
------------------------------------
 runtime: 1.374655 s
------------------------------------
------------------------------------
 runtime: 1.383941 s
------------------------------------
Processor 18
------------------------------------
 runtime: 1.607957 s
------------------------------------
------------------------------------
 runtime: 1.355363 s
------------------------------------
------------------------------------
 runtime: 1.401443 s
------------------------------------
------------------------------------
 runtime: 1.401992 s
------------------------------------
------------------------------------
 runtime: 1.380957 s
------------------------------------
Processor 19
------------------------------------
 runtime: 1.693572 s
------------------------------------
------------------------------------
 runtime: 1.558549 s
------------------------------------
------------------------------------
 runtime: 1.422085 s
------------------------------------
------------------------------------
 runtime: 1.417351 s
------------------------------------
------------------------------------
 runtime: 1.481553 s
------------------------------------
Processor 20
------------------------------------
 runtime: 1.410887 s
------------------------------------
------------------------------------
 runtime: 1.413821 s
------------------------------------
------------------------------------
 runtime: 1.405946 s
------------------------------------
------------------------------------
 runtime: 1.453523 s
------------------------------------
------------------------------------
 runtime: 1.430536 s
------------------------------------
Processor 21
------------------------------------
 runtime: 1.485798 s
------------------------------------
------------------------------------
 runtime: 1.363066 s
------------------------------------
------------------------------------
 runtime: 1.369070 s
------------------------------------
------------------------------------
 runtime: 1.394705 s
------------------------------------
------------------------------------
 runtime: 1.469001 s
------------------------------------
Processor 22
------------------------------------
 runtime: 1.527416 s
------------------------------------
------------------------------------
 runtime: 1.404602 s
------------------------------------
------------------------------------
 runtime: 1.443036 s
------------------------------------
------------------------------------
 runtime: 1.415792 s
------------------------------------
------------------------------------
 runtime: 1.434837 s
------------------------------------
Processor 23
------------------------------------
 runtime: 1.381978 s
------------------------------------
------------------------------------
 runtime: 1.476949 s
------------------------------------
------------------------------------
 runtime: 1.453969 s
------------------------------------
------------------------------------
 runtime: 1.457278 s
------------------------------------
------------------------------------
 runtime: 1.513552 s
------------------------------------
Processor 24
------------------------------------
 runtime: 1.424716 s
------------------------------------
------------------------------------
 runtime: 1.428652 s
------------------------------------
------------------------------------
 runtime: 1.409755 s
------------------------------------
------------------------------------
 runtime: 1.418583 s
------------------------------------
------------------------------------
 runtime: 1.492671 s
------------------------------------
Processor 25
------------------------------------
 runtime: 1.498244 s
------------------------------------
------------------------------------
 runtime: 1.463799 s
------------------------------------
------------------------------------
 runtime: 1.470904 s
------------------------------------
------------------------------------
 runtime: 1.482393 s
------------------------------------
------------------------------------
 runtime: 1.428494 s
------------------------------------
Processor 26
------------------------------------
 runtime: 1.450809 s
------------------------------------
------------------------------------
 runtime: 1.458133 s
------------------------------------
------------------------------------
 runtime: 1.429556 s
------------------------------------
------------------------------------
 runtime: 1.433990 s
------------------------------------
------------------------------------
 runtime: 1.499269 s
------------------------------------
Processor 27
------------------------------------
 runtime: 1.487606 s
------------------------------------
------------------------------------
 runtime: 2.014608 s
------------------------------------
------------------------------------
 runtime: 1.421131 s
------------------------------------
------------------------------------
 runtime: 1.484591 s
------------------------------------
------------------------------------
 runtime: 1.539813 s
------------------------------------
Processor 28
------------------------------------
 runtime: 1.431588 s
------------------------------------
------------------------------------
 runtime: 1.536419 s
------------------------------------
------------------------------------
 runtime: 1.519758 s
------------------------------------
------------------------------------
 runtime: 1.465535 s
------------------------------------
------------------------------------
 runtime: 1.450385 s
------------------------------------
Processor 29
------------------------------------
 runtime: 2.075978 s
------------------------------------
------------------------------------
 runtime: 1.681695 s
------------------------------------
------------------------------------
 runtime: 1.893048 s
------------------------------------
------------------------------------
 runtime: 1.736421 s
------------------------------------
------------------------------------
 runtime: 1.741920 s
------------------------------------
Processor 30
------------------------------------
 runtime: 1.902090 s
------------------------------------
------------------------------------
 runtime: 1.864381 s
------------------------------------
------------------------------------
 runtime: 1.720950 s
------------------------------------
------------------------------------
 runtime: 1.890792 s
------------------------------------
------------------------------------
 runtime: 1.825241 s
------------------------------------
Processor 31
------------------------------------
 runtime: 1.904471 s
------------------------------------
------------------------------------
 runtime: 1.715129 s
------------------------------------
------------------------------------
 runtime: 1.982662 s
------------------------------------
------------------------------------
 runtime: 1.868572 s
------------------------------------
------------------------------------
 runtime: 1.798859 s
------------------------------------
Processor 32
------------------------------------
 runtime: 1.918298 s
------------------------------------
------------------------------------
 runtime: 1.878862 s
------------------------------------
------------------------------------
 runtime: 1.694567 s
------------------------------------
------------------------------------
 runtime: 1.775262 s
------------------------------------
------------------------------------
 runtime: 1.653765 s
------------------------------------
Processor 33
------------------------------------
 runtime: 1.802138 s
------------------------------------
------------------------------------
 runtime: 1.927423 s
------------------------------------
------------------------------------
 runtime: 1.802173 s
------------------------------------
------------------------------------
 runtime: 1.840245 s
------------------------------------
------------------------------------
 runtime: 1.918207 s
------------------------------------
Processor 34
------------------------------------
 runtime: 1.910867 s
------------------------------------
------------------------------------
 runtime: 1.965618 s
------------------------------------
------------------------------------
 runtime: 1.853111 s
------------------------------------
------------------------------------
 runtime: 1.934029 s
------------------------------------
------------------------------------
 runtime: 1.793116 s
------------------------------------
Processor 35
------------------------------------
 runtime: 1.838676 s
------------------------------------
------------------------------------
 runtime: 1.962854 s
------------------------------------
------------------------------------
 runtime: 1.907586 s
------------------------------------
------------------------------------
 runtime: 1.906879 s
------------------------------------
------------------------------------
 runtime: 2.034713 s
------------------------------------
Processor 36
------------------------------------
 runtime: 1.690943 s
------------------------------------
------------------------------------
 runtime: 1.882810 s
------------------------------------
------------------------------------
 runtime: 1.782129 s
------------------------------------
------------------------------------
 runtime: 1.935609 s
------------------------------------
------------------------------------
 runtime: 1.811425 s
------------------------------------
Processor 37
srun: error: slurm_receive_msg: Socket timed out on send/recv operation
srun: error: Unable to confirm allocation for job 2902321: Socket timed out on send/recv operation
srun: Check SLURM_JOB_ID environment variable for expired or invalid job.
------------------------------------
 runtime: 2.493642 s
------------------------------------
------------------------------------
 runtime: 1.793339 s
------------------------------------
------------------------------------
 runtime: 1.727505 s
------------------------------------
------------------------------------
 runtime: 1.873302 s
------------------------------------
Processor 38
------------------------------------
 runtime: 2.248070 s
------------------------------------
------------------------------------
 runtime: 1.792847 s
------------------------------------
------------------------------------
 runtime: 1.982009 s
------------------------------------
------------------------------------
 runtime: 1.997271 s
------------------------------------
------------------------------------
 runtime: 1.787837 s
------------------------------------
Processor 39
------------------------------------
 runtime: 1.825135 s
------------------------------------
------------------------------------
 runtime: 1.889848 s
------------------------------------
------------------------------------
 runtime: 1.938011 s
------------------------------------
------------------------------------
 runtime: 1.765626 s
------------------------------------
------------------------------------
 runtime: 1.687912 s
------------------------------------
Processor 40
------------------------------------
 runtime: 2.118918 s
------------------------------------
------------------------------------
 runtime: 1.782595 s
------------------------------------
------------------------------------
 runtime: 1.694920 s
------------------------------------
------------------------------------
 runtime: 1.907120 s
------------------------------------
------------------------------------
 runtime: 1.829696 s
------------------------------------
Processor 41
------------------------------------
 runtime: 1.844926 s
------------------------------------
------------------------------------
 runtime: 1.912637 s
------------------------------------
------------------------------------
 runtime: 1.838195 s
------------------------------------
------------------------------------
 runtime: 2.020688 s
------------------------------------
------------------------------------
 runtime: 2.477502 s
------------------------------------
Processor 42
------------------------------------
 runtime: 2.093329 s
------------------------------------
------------------------------------
 runtime: 2.016546 s
------------------------------------
------------------------------------
 runtime: 2.058185 s
------------------------------------
------------------------------------
 runtime: 1.718845 s
------------------------------------
------------------------------------
 runtime: 2.613632 s
------------------------------------
Processor 43
------------------------------------
 runtime: 2.375269 s
------------------------------------
------------------------------------
 runtime: 1.931660 s
------------------------------------
------------------------------------
 runtime: 2.013281 s
------------------------------------
------------------------------------
 runtime: 2.016310 s
------------------------------------
------------------------------------
 runtime: 1.841770 s
------------------------------------
Processor 44
------------------------------------
 runtime: 1.801268 s
------------------------------------
------------------------------------
 runtime: 1.896047 s
------------------------------------
------------------------------------
 runtime: 1.739975 s
------------------------------------
------------------------------------
 runtime: 1.864914 s
------------------------------------
------------------------------------
 runtime: 2.016947 s
------------------------------------
Processor 45
------------------------------------
 runtime: 2.182844 s
------------------------------------
------------------------------------
 runtime: 1.833031 s
------------------------------------
------------------------------------
 runtime: 1.835729 s
------------------------------------
------------------------------------
 runtime: 1.742449 s
------------------------------------
------------------------------------
 runtime: 1.979176 s
------------------------------------
Processor 46
------------------------------------
 runtime: 1.811392 s
------------------------------------
------------------------------------
 runtime: 1.844619 s
------------------------------------
------------------------------------
 runtime: 1.723421 s
------------------------------------
------------------------------------
 runtime: 1.868800 s
------------------------------------
------------------------------------
 runtime: 1.778890 s
------------------------------------
Processor 47
------------------------------------
 runtime: 2.188926 s
------------------------------------
------------------------------------
 runtime: 1.782899 s
------------------------------------
------------------------------------
 runtime: 1.905606 s
------------------------------------
------------------------------------
 runtime: 1.709220 s
------------------------------------
------------------------------------
 runtime: 2.088472 s
------------------------------------
Processor 48
------------------------------------
 runtime: 1.786527 s
------------------------------------
------------------------------------
 runtime: 1.861678 s
------------------------------------
------------------------------------
 runtime: 1.822133 s
------------------------------------
------------------------------------
 runtime: 2.050656 s
------------------------------------
------------------------------------
 runtime: 1.788233 s
------------------------------------
Processor 49
------------------------------------
 runtime: 1.654143 s
------------------------------------
------------------------------------
 runtime: 1.909272 s
------------------------------------
------------------------------------
 runtime: 1.926571 s
------------------------------------
------------------------------------
 runtime: 1.908076 s
------------------------------------
------------------------------------
 runtime: 1.748792 s
------------------------------------
Processor 50
------------------------------------
 runtime: 2.134693 s
------------------------------------
------------------------------------
 runtime: 2.017586 s
------------------------------------
------------------------------------
 runtime: 2.056072 s
------------------------------------
------------------------------------
 runtime: 1.867646 s
------------------------------------
------------------------------------
 runtime: 1.682602 s
------------------------------------
Processor 51
------------------------------------
 runtime: 2.318869 s
------------------------------------
------------------------------------
 runtime: 1.822137 s
------------------------------------
------------------------------------
 runtime: 2.102828 s
------------------------------------
------------------------------------
 runtime: 2.163626 s
------------------------------------
------------------------------------
 runtime: 1.819661 s
------------------------------------
Processor 52
------------------------------------
 runtime: 2.407228 s
------------------------------------
------------------------------------
 runtime: 1.844057 s
------------------------------------
------------------------------------
 runtime: 2.053939 s
------------------------------------
------------------------------------
 runtime: 2.180426 s
------------------------------------
------------------------------------
 runtime: 1.707418 s
------------------------------------
Processor 53
------------------------------------
 runtime: 1.944698 s
------------------------------------
------------------------------------
 runtime: 2.013427 s
------------------------------------
------------------------------------
 runtime: 2.281993 s
------------------------------------
------------------------------------
 runtime: 1.841263 s
------------------------------------
------------------------------------
 runtime: 2.075201 s
------------------------------------
Processor 54
------------------------------------
 runtime: 1.913986 s
------------------------------------
------------------------------------
 runtime: 2.020218 s
------------------------------------
------------------------------------
 runtime: 1.860724 s
------------------------------------
------------------------------------
 runtime: 1.938881 s
------------------------------------
------------------------------------
 runtime: 2.045997 s
------------------------------------
Processor 55
------------------------------------
 runtime: 2.074547 s
------------------------------------
------------------------------------
 runtime: 2.125058 s
------------------------------------
------------------------------------
 runtime: 1.900626 s
------------------------------------
------------------------------------
 runtime: 2.659564 s
------------------------------------
------------------------------------
 runtime: 2.361494 s
------------------------------------
Processor 56
------------------------------------
 runtime: 2.270532 s
------------------------------------
------------------------------------
 runtime: 2.025534 s
------------------------------------
------------------------------------
 runtime: 1.851224 s
------------------------------------
------------------------------------
 runtime: 1.904716 s
------------------------------------
------------------------------------
 runtime: 1.903925 s
------------------------------------
