Running on host compute086.bc4.acrc.priv
Time is Thu Dec 12 11:27:21 GMT 2019
Directory is /mnt/storage/home/fh19804/Stencil/OpenMP
Slurm job ID is 2902928

This job runs on the following machines:
compute086

Processor 1
------------------------------------
 runtime: 25.378836 s
------------------------------------
------------------------------------
 runtime: 25.373981 s
------------------------------------
srun: error: slurm_receive_msg: Socket timed out on send/recv operation
srun: error: Unable to confirm allocation for job 2902928: Socket timed out on send/recv operation
srun: Check SLURM_JOB_ID environment variable for expired or invalid job.
------------------------------------
 runtime: 25.447753 s
------------------------------------
------------------------------------
 runtime: 25.418559 s
------------------------------------
Processor 2
srun: error: slurm_receive_msg: Socket timed out on send/recv operation
srun: error: Unable to confirm allocation for job 2902928: Socket timed out on send/recv operation
srun: Check SLURM_JOB_ID environment variable for expired or invalid job.
------------------------------------
 runtime: 13.033055 s
------------------------------------
------------------------------------
 runtime: 12.904300 s
------------------------------------
------------------------------------
 runtime: 12.857731 s
------------------------------------
srun: error: slurm_receive_msg: Socket timed out on send/recv operation
srun: error: Unable to confirm allocation for job 2902928: Socket timed out on send/recv operation
srun: Check SLURM_JOB_ID environment variable for expired or invalid job.
Processor 3
------------------------------------
 runtime: 9.292327 s
------------------------------------
------------------------------------
 runtime: 9.136494 s
------------------------------------
srun: error: slurm_receive_msg: Socket timed out on send/recv operation
srun: error: Unable to confirm allocation for job 2902928: Socket timed out on send/recv operation
srun: Check SLURM_JOB_ID environment variable for expired or invalid job.
------------------------------------
 runtime: 9.277566 s
------------------------------------
------------------------------------
 runtime: 9.112203 s
------------------------------------
Processor 4
------------------------------------
 runtime: 7.130577 s
------------------------------------
------------------------------------
 runtime: 7.095157 s
------------------------------------
------------------------------------
 runtime: 7.115340 s
------------------------------------
------------------------------------
 runtime: 7.076742 s
------------------------------------
------------------------------------
 runtime: 7.154602 s
------------------------------------
Processor 5
srun: error: slurm_receive_msg: Socket timed out on send/recv operation
srun: error: Unable to confirm allocation for job 2902928: Socket timed out on send/recv operation
srun: Check SLURM_JOB_ID environment variable for expired or invalid job.
srun: error: slurm_receive_msg: Socket timed out on send/recv operation
srun: error: Unable to confirm allocation for job 2902928: Socket timed out on send/recv operation
srun: Check SLURM_JOB_ID environment variable for expired or invalid job.
srun: error: slurm_receive_msg: Socket timed out on send/recv operation
srun: error: Unable to confirm allocation for job 2902928: Socket timed out on send/recv operation
srun: Check SLURM_JOB_ID environment variable for expired or invalid job.
------------------------------------
 runtime: 6.245367 s
------------------------------------
------------------------------------
 runtime: 6.244352 s
------------------------------------
Processor 6
------------------------------------
 runtime: 5.626474 s
------------------------------------
------------------------------------
 runtime: 5.559936 s
------------------------------------
------------------------------------
 runtime: 5.547339 s
------------------------------------
------------------------------------
 runtime: 5.442578 s
------------------------------------
------------------------------------
 runtime: 5.544676 s
------------------------------------
Processor 7
------------------------------------
 runtime: 5.284707 s
------------------------------------
------------------------------------
 runtime: 5.242438 s
------------------------------------
------------------------------------
 runtime: 5.260753 s
------------------------------------
------------------------------------
 runtime: 5.196830 s
------------------------------------
------------------------------------
 runtime: 5.598165 s
------------------------------------
Processor 8
------------------------------------
 runtime: 4.941356 s
------------------------------------
------------------------------------
 runtime: 4.811432 s
------------------------------------
------------------------------------
 runtime: 4.911871 s
------------------------------------
------------------------------------
 runtime: 5.050735 s
------------------------------------
------------------------------------
 runtime: 4.894878 s
------------------------------------
Processor 9
------------------------------------
 runtime: 4.699238 s
------------------------------------
------------------------------------
 runtime: 4.686527 s
------------------------------------
------------------------------------
 runtime: 4.689552 s
------------------------------------
srun: error: slurm_receive_msg: Socket timed out on send/recv operation
srun: error: Unable to confirm allocation for job 2902928: Socket timed out on send/recv operation
srun: Check SLURM_JOB_ID environment variable for expired or invalid job.
------------------------------------
 runtime: 5.031424 s
------------------------------------
Processor 10
------------------------------------
 runtime: 4.431044 s
------------------------------------
------------------------------------
 runtime: 4.463399 s
------------------------------------
------------------------------------
 runtime: 4.495388 s
------------------------------------
------------------------------------
 runtime: 4.448733 s
------------------------------------
------------------------------------
 runtime: 4.459881 s
------------------------------------
Processor 11
------------------------------------
 runtime: 4.395667 s
------------------------------------
------------------------------------
 runtime: 4.744140 s
------------------------------------
------------------------------------
 runtime: 4.387849 s
------------------------------------
------------------------------------
 runtime: 4.432203 s
------------------------------------
------------------------------------
 runtime: 4.327024 s
------------------------------------
Processor 12
------------------------------------
 runtime: 4.204270 s
------------------------------------
------------------------------------
 runtime: 4.249346 s
------------------------------------
------------------------------------
 runtime: 4.549108 s
------------------------------------
------------------------------------
 runtime: 4.226135 s
------------------------------------
------------------------------------
 runtime: 4.195913 s
------------------------------------
Processor 13
srun: error: slurm_receive_msg: Socket timed out on send/recv operation
srun: error: Unable to confirm allocation for job 2902928: Socket timed out on send/recv operation
srun: Check SLURM_JOB_ID environment variable for expired or invalid job.
------------------------------------
 runtime: 4.096605 s
------------------------------------
------------------------------------
 runtime: 4.167529 s
------------------------------------
------------------------------------
 runtime: 4.883849 s
------------------------------------
------------------------------------
 runtime: 4.402419 s
------------------------------------
Processor 14
------------------------------------
 runtime: 4.124150 s
------------------------------------
------------------------------------
 runtime: 4.453845 s
------------------------------------
------------------------------------
 runtime: 4.050278 s
------------------------------------
------------------------------------
 runtime: 4.463770 s
------------------------------------
------------------------------------
 runtime: 4.178197 s
------------------------------------
Processor 15
------------------------------------
 runtime: 3.997495 s
------------------------------------
------------------------------------
 runtime: 4.059682 s
------------------------------------
------------------------------------
 runtime: 4.099701 s
------------------------------------
------------------------------------
 runtime: 4.015294 s
------------------------------------
------------------------------------
 runtime: 4.048215 s
------------------------------------
Processor 16
------------------------------------
 runtime: 5.117569 s
------------------------------------
------------------------------------
 runtime: 4.008163 s
------------------------------------
------------------------------------
 runtime: 4.526136 s
------------------------------------
------------------------------------
 runtime: 4.146196 s
------------------------------------
srun: error: slurm_receive_msg: Socket timed out on send/recv operation
srun: error: Unable to confirm allocation for job 2902928: Socket timed out on send/recv operation
srun: Check SLURM_JOB_ID environment variable for expired or invalid job.
Processor 17
------------------------------------
 runtime: 4.009475 s
------------------------------------
------------------------------------
 runtime: 4.002649 s
------------------------------------
------------------------------------
 runtime: 4.053815 s
------------------------------------
------------------------------------
 runtime: 3.985261 s
------------------------------------
------------------------------------
 runtime: 4.170324 s
------------------------------------
Processor 18
------------------------------------
 runtime: 4.555410 s
------------------------------------
------------------------------------
 runtime: 4.162681 s
------------------------------------
------------------------------------
 runtime: 3.956674 s
------------------------------------
------------------------------------
 runtime: 3.955742 s
------------------------------------
------------------------------------
 runtime: 3.950272 s
------------------------------------
Processor 19
------------------------------------
 runtime: 3.942939 s
------------------------------------
------------------------------------
 runtime: 3.979610 s
------------------------------------
------------------------------------
 runtime: 4.063703 s
------------------------------------
------------------------------------
 runtime: 4.302269 s
------------------------------------
------------------------------------
 runtime: 3.977614 s
------------------------------------
Processor 20
------------------------------------
 runtime: 4.211772 s
------------------------------------
------------------------------------
 runtime: 4.304577 s
------------------------------------
------------------------------------
 runtime: 4.315610 s
------------------------------------
------------------------------------
 runtime: 4.063525 s
------------------------------------
------------------------------------
 runtime: 4.269912 s
------------------------------------
Processor 21
------------------------------------
 runtime: 4.203614 s
------------------------------------
------------------------------------
 runtime: 4.138660 s
------------------------------------
------------------------------------
 runtime: 3.994544 s
------------------------------------
------------------------------------
 runtime: 4.201690 s
------------------------------------
srun: error: slurm_receive_msg: Socket timed out on send/recv operation
srun: error: Unable to confirm allocation for job 2902928: Socket timed out on send/recv operation
srun: Check SLURM_JOB_ID environment variable for expired or invalid job.
Processor 22
------------------------------------
 runtime: 4.179998 s
------------------------------------
------------------------------------
 runtime: 4.097823 s
------------------------------------
------------------------------------
 runtime: 4.204741 s
------------------------------------
------------------------------------
 runtime: 4.025481 s
------------------------------------
------------------------------------
 runtime: 4.566309 s
------------------------------------
Processor 23
------------------------------------
 runtime: 4.355365 s
------------------------------------
------------------------------------
 runtime: 4.101189 s
------------------------------------
------------------------------------
 runtime: 4.847192 s
------------------------------------
------------------------------------
 runtime: 4.160458 s
------------------------------------
------------------------------------
 runtime: 4.045364 s
------------------------------------
Processor 24
------------------------------------
 runtime: 4.317320 s
------------------------------------
------------------------------------
 runtime: 4.333295 s
------------------------------------
------------------------------------
 runtime: 4.273488 s
------------------------------------
------------------------------------
 runtime: 4.310490 s
------------------------------------
------------------------------------
 runtime: 4.763986 s
------------------------------------
Processor 25
------------------------------------
 runtime: 4.613128 s
------------------------------------
------------------------------------
 runtime: 4.019603 s
------------------------------------
------------------------------------
 runtime: 4.152788 s
------------------------------------
------------------------------------
 runtime: 4.401084 s
------------------------------------
------------------------------------
 runtime: 4.271630 s
------------------------------------
Processor 26
------------------------------------
 runtime: 4.495531 s
------------------------------------
srun: error: slurm_receive_msg: Socket timed out on send/recv operation
srun: error: Unable to confirm allocation for job 2902928: Socket timed out on send/recv operation
srun: Check SLURM_JOB_ID environment variable for expired or invalid job.
------------------------------------
 runtime: 4.872298 s
------------------------------------
------------------------------------
 runtime: 4.048390 s
------------------------------------
------------------------------------
 runtime: 4.681539 s
------------------------------------
Processor 27
------------------------------------
 runtime: 4.138169 s
------------------------------------
------------------------------------
 runtime: 4.341194 s
------------------------------------
------------------------------------
 runtime: 4.180744 s
------------------------------------
------------------------------------
 runtime: 4.050574 s
------------------------------------
------------------------------------
 runtime: 4.905021 s
------------------------------------
Processor 28
------------------------------------
 runtime: 5.180233 s
------------------------------------
------------------------------------
 runtime: 4.387851 s
------------------------------------
------------------------------------
 runtime: 4.035956 s
------------------------------------
------------------------------------
 runtime: 4.388975 s
------------------------------------
------------------------------------
 runtime: 4.074008 s
------------------------------------
Processor 29
srun: error: slurm_receive_msg: Socket timed out on send/recv operation
srun: error: Unable to confirm allocation for job 2902928: Socket timed out on send/recv operation
srun: Check SLURM_JOB_ID environment variable for expired or invalid job.
srun: error: slurm_receive_msg: Socket timed out on send/recv operation
srun: error: Unable to confirm allocation for job 2902928: Socket timed out on send/recv operation
srun: Check SLURM_JOB_ID environment variable for expired or invalid job.
------------------------------------
 runtime: 5.175161 s
------------------------------------
------------------------------------
 runtime: 5.286802 s
------------------------------------
------------------------------------
 runtime: 5.231733 s
------------------------------------
Processor 30
------------------------------------
 runtime: 5.269567 s
------------------------------------
------------------------------------
 runtime: 5.246639 s
------------------------------------
------------------------------------
 runtime: 5.222584 s
------------------------------------
------------------------------------
 runtime: 5.106658 s
------------------------------------
------------------------------------
 runtime: 4.956410 s
------------------------------------
Processor 31
------------------------------------
 runtime: 5.177183 s
------------------------------------
------------------------------------
 runtime: 5.212852 s
------------------------------------
------------------------------------
 runtime: 5.163233 s
------------------------------------
------------------------------------
 runtime: 5.079201 s
------------------------------------
------------------------------------
 runtime: 5.029320 s
------------------------------------
Processor 32
------------------------------------
 runtime: 5.163763 s
------------------------------------
------------------------------------
 runtime: 5.109222 s
------------------------------------
------------------------------------
 runtime: 5.136306 s
------------------------------------
------------------------------------
 runtime: 5.120792 s
------------------------------------
------------------------------------
 runtime: 4.994662 s
------------------------------------
Processor 33
------------------------------------
 runtime: 5.122981 s
------------------------------------
------------------------------------
 runtime: 4.914616 s
------------------------------------
------------------------------------
 runtime: 5.044032 s
------------------------------------
------------------------------------
 runtime: 5.092277 s
------------------------------------
------------------------------------
 runtime: 5.205107 s
------------------------------------
Processor 34
------------------------------------
 runtime: 5.497578 s
------------------------------------
------------------------------------
 runtime: 4.992757 s
------------------------------------
------------------------------------
 runtime: 5.545209 s
------------------------------------
------------------------------------
 runtime: 5.153932 s
------------------------------------
------------------------------------
 runtime: 5.054437 s
------------------------------------
Processor 35
------------------------------------
 runtime: 5.633471 s
------------------------------------
------------------------------------
 runtime: 5.169574 s
------------------------------------
------------------------------------
 runtime: 4.829654 s
------------------------------------
------------------------------------
 runtime: 4.998541 s
------------------------------------
------------------------------------
 runtime: 4.973713 s
------------------------------------
Processor 36
------------------------------------
 runtime: 5.021017 s
------------------------------------
srun: error: slurm_receive_msg: Socket timed out on send/recv operation
srun: error: Unable to confirm allocation for job 2902928: Socket timed out on send/recv operation
srun: Check SLURM_JOB_ID environment variable for expired or invalid job.
------------------------------------
 runtime: 5.161058 s
------------------------------------
srun: error: slurm_receive_msg: Socket timed out on send/recv operation
srun: error: Unable to confirm allocation for job 2902928: Socket timed out on send/recv operation
srun: Check SLURM_JOB_ID environment variable for expired or invalid job.
srun: error: slurm_receive_msg: Socket timed out on send/recv operation
srun: error: Unable to confirm allocation for job 2902928: Socket timed out on send/recv operation
srun: Check SLURM_JOB_ID environment variable for expired or invalid job.
Processor 37
------------------------------------
 runtime: 5.911260 s
------------------------------------
------------------------------------
 runtime: 5.075039 s
------------------------------------
------------------------------------
 runtime: 4.916618 s
------------------------------------
------------------------------------
 runtime: 4.899342 s
------------------------------------
srun: error: slurm_receive_msg: Socket timed out on send/recv operation
srun: error: Unable to confirm allocation for job 2902928: Socket timed out on send/recv operation
srun: Check SLURM_JOB_ID environment variable for expired or invalid job.
Processor 38
------------------------------------
 runtime: 5.616066 s
------------------------------------
------------------------------------
 runtime: 4.991034 s
------------------------------------
------------------------------------
 runtime: 4.985746 s
------------------------------------
------------------------------------
 runtime: 4.917110 s
------------------------------------
------------------------------------
 runtime: 5.017596 s
------------------------------------
Processor 39
------------------------------------
 runtime: 5.727200 s
------------------------------------
------------------------------------
 runtime: 5.453883 s
------------------------------------
------------------------------------
 runtime: 4.914874 s
------------------------------------
------------------------------------
 runtime: 4.902273 s
------------------------------------
------------------------------------
 runtime: 5.165865 s
------------------------------------
Processor 40
------------------------------------
 runtime: 4.972942 s
------------------------------------
------------------------------------
 runtime: 5.126358 s
------------------------------------
------------------------------------
 runtime: 4.931195 s
------------------------------------
------------------------------------
 runtime: 5.250181 s
------------------------------------
------------------------------------
 runtime: 5.037855 s
------------------------------------
Processor 41
------------------------------------
 runtime: 5.043103 s
------------------------------------
------------------------------------
 runtime: 4.849546 s
------------------------------------
------------------------------------
 runtime: 5.010270 s
------------------------------------
------------------------------------
 runtime: 5.203183 s
------------------------------------
------------------------------------
 runtime: 4.875421 s
------------------------------------
Processor 42
------------------------------------
 runtime: 4.915353 s
------------------------------------
------------------------------------
 runtime: 4.802579 s
------------------------------------
------------------------------------
 runtime: 5.249040 s
------------------------------------
------------------------------------
 runtime: 4.841282 s
------------------------------------
------------------------------------
 runtime: 5.126398 s
------------------------------------
Processor 43
srun: error: slurm_receive_msg: Socket timed out on send/recv operation
srun: error: Unable to confirm allocation for job 2902928: Socket timed out on send/recv operation
srun: Check SLURM_JOB_ID environment variable for expired or invalid job.
------------------------------------
 runtime: 5.363784 s
------------------------------------
------------------------------------
 runtime: 5.114681 s
------------------------------------
------------------------------------
 runtime: 5.071075 s
------------------------------------
------------------------------------
 runtime: 4.846191 s
------------------------------------
Processor 44
------------------------------------
 runtime: 5.065083 s
------------------------------------
------------------------------------
 runtime: 5.035951 s
------------------------------------
------------------------------------
 runtime: 4.938022 s
------------------------------------
------------------------------------
 runtime: 4.683820 s
------------------------------------
------------------------------------
 runtime: 4.889559 s
------------------------------------
Processor 45
------------------------------------
 runtime: 4.880876 s
------------------------------------
------------------------------------
 runtime: 4.759365 s
------------------------------------
------------------------------------
 runtime: 5.061939 s
------------------------------------
------------------------------------
 runtime: 4.762829 s
------------------------------------
------------------------------------
 runtime: 5.146082 s
------------------------------------
Processor 46
------------------------------------
 runtime: 5.147288 s
------------------------------------
------------------------------------
 runtime: 4.969308 s
------------------------------------
srun: error: slurm_receive_msg: Socket timed out on send/recv operation
srun: error: Unable to confirm allocation for job 2902928: Socket timed out on send/recv operation
srun: Check SLURM_JOB_ID environment variable for expired or invalid job.
------------------------------------
 runtime: 5.554423 s
------------------------------------
------------------------------------
 runtime: 4.992837 s
------------------------------------
Processor 47
------------------------------------
 runtime: 4.921148 s
------------------------------------
------------------------------------
 runtime: 4.910282 s
------------------------------------
------------------------------------
 runtime: 5.269482 s
------------------------------------
------------------------------------
 runtime: 5.053166 s
------------------------------------
------------------------------------
 runtime: 5.134342 s
------------------------------------
Processor 48
------------------------------------
 runtime: 4.595184 s
------------------------------------
------------------------------------
 runtime: 5.104216 s
------------------------------------
------------------------------------
 runtime: 5.747553 s
------------------------------------
srun: error: slurm_receive_msg: Socket timed out on send/recv operation
srun: error: Unable to confirm allocation for job 2902928: Socket timed out on send/recv operation
srun: Check SLURM_JOB_ID environment variable for expired or invalid job.
------------------------------------
 runtime: 5.777512 s
------------------------------------
Processor 49
------------------------------------
 runtime: 4.944396 s
------------------------------------
------------------------------------
 runtime: 5.002626 s
------------------------------------
------------------------------------
 runtime: 4.997053 s
------------------------------------
------------------------------------
 runtime: 4.778935 s
------------------------------------
------------------------------------
 runtime: 4.956089 s
------------------------------------
Processor 50
------------------------------------
 runtime: 4.802272 s
------------------------------------
------------------------------------
 runtime: 4.926164 s
------------------------------------
------------------------------------
 runtime: 4.656688 s
------------------------------------
------------------------------------
 runtime: 5.382614 s
------------------------------------
------------------------------------
 runtime: 5.311014 s
------------------------------------
Processor 51
------------------------------------
 runtime: 4.817797 s
------------------------------------
------------------------------------
 runtime: 4.993639 s
------------------------------------
------------------------------------
 runtime: 4.449388 s
------------------------------------
------------------------------------
 runtime: 4.683576 s
------------------------------------
------------------------------------
 runtime: 4.711753 s
------------------------------------
Processor 52
------------------------------------
 runtime: 4.478004 s
------------------------------------
------------------------------------
 runtime: 5.464344 s
------------------------------------
------------------------------------
 runtime: 4.822966 s
------------------------------------
------------------------------------
 runtime: 5.423177 s
------------------------------------
------------------------------------
 runtime: 5.219995 s
------------------------------------
Processor 53
------------------------------------
 runtime: 5.499543 s
------------------------------------
------------------------------------
 runtime: 5.038330 s
------------------------------------
------------------------------------
 runtime: 5.224749 s
------------------------------------
------------------------------------
 runtime: 5.366667 s
------------------------------------
------------------------------------
 runtime: 5.169904 s
------------------------------------
Processor 54
------------------------------------
 runtime: 5.012279 s
------------------------------------
------------------------------------
 runtime: 5.650598 s
------------------------------------
------------------------------------
 runtime: 5.065501 s
------------------------------------
------------------------------------
 runtime: 5.197179 s
------------------------------------
------------------------------------
 runtime: 4.633964 s
------------------------------------
Processor 55
------------------------------------
 runtime: 5.496006 s
------------------------------------
------------------------------------
 runtime: 5.623420 s
------------------------------------
------------------------------------
 runtime: 5.029162 s
------------------------------------
------------------------------------
 runtime: 5.560821 s
------------------------------------
------------------------------------
 runtime: 5.604004 s
------------------------------------
Processor 56
------------------------------------
 runtime: 5.422192 s
------------------------------------
------------------------------------
 runtime: 5.137496 s
------------------------------------
------------------------------------
 runtime: 5.183506 s
------------------------------------
------------------------------------
 runtime: 5.611274 s
------------------------------------
------------------------------------
 runtime: 5.422983 s
------------------------------------
