Running on host compute090.bc4.acrc.priv
Time is Thu Dec 12 10:26:32 GMT 2019
Directory is /mnt/storage/home/fh19804/Stencil/OpenMP
Slurm job ID is 2902388

This job runs on the following machines:
compute090

Processor 1
------------------------------------
 runtime: 25.436440 s
------------------------------------
------------------------------------
 runtime: 25.414756 s
------------------------------------
------------------------------------
 runtime: 25.462539 s
------------------------------------
------------------------------------
 runtime: 25.460819 s
------------------------------------
------------------------------------
 runtime: 24.747669 s
------------------------------------
Processor 2
------------------------------------
 runtime: 12.893718 s
------------------------------------
------------------------------------
 runtime: 12.873265 s
------------------------------------
------------------------------------
 runtime: 12.871664 s
------------------------------------
------------------------------------
 runtime: 12.901213 s
------------------------------------
------------------------------------
 runtime: 12.882868 s
------------------------------------
Processor 3
------------------------------------
 runtime: 9.163548 s
------------------------------------
------------------------------------
 runtime: 9.198821 s
------------------------------------
------------------------------------
 runtime: 9.188176 s
------------------------------------
------------------------------------
 runtime: 9.215148 s
------------------------------------
------------------------------------
 runtime: 9.105197 s
------------------------------------
Processor 4
------------------------------------
 runtime: 7.071830 s
------------------------------------
------------------------------------
 runtime: 7.060231 s
------------------------------------
------------------------------------
 runtime: 7.077280 s
------------------------------------
------------------------------------
 runtime: 7.067384 s
------------------------------------
------------------------------------
 runtime: 7.108583 s
------------------------------------
Processor 5
------------------------------------
 runtime: 6.192657 s
------------------------------------
------------------------------------
 runtime: 6.233110 s
------------------------------------
------------------------------------
 runtime: 6.233636 s
------------------------------------
------------------------------------
 runtime: 6.140534 s
------------------------------------
------------------------------------
 runtime: 6.241297 s
------------------------------------
Processor 6
------------------------------------
 runtime: 5.761798 s
------------------------------------
------------------------------------
 runtime: 5.644361 s
------------------------------------
------------------------------------
 runtime: 5.719850 s
------------------------------------
------------------------------------
 runtime: 5.600897 s
------------------------------------
------------------------------------
 runtime: 5.558129 s
------------------------------------
Processor 7
------------------------------------
 runtime: 5.129213 s
------------------------------------
------------------------------------
 runtime: 5.119710 s
------------------------------------
------------------------------------
 runtime: 5.182757 s
------------------------------------
------------------------------------
 runtime: 5.091678 s
------------------------------------
------------------------------------
 runtime: 5.122185 s
------------------------------------
Processor 8
------------------------------------
 runtime: 4.743791 s
------------------------------------
------------------------------------
 runtime: 4.829187 s
------------------------------------
------------------------------------
 runtime: 4.784558 s
------------------------------------
------------------------------------
 runtime: 4.875132 s
------------------------------------
------------------------------------
 runtime: 5.139215 s
------------------------------------
Processor 9
------------------------------------
 runtime: 4.598455 s
------------------------------------
------------------------------------
 runtime: 4.614293 s
------------------------------------
------------------------------------
 runtime: 4.613031 s
------------------------------------
------------------------------------
 runtime: 4.608890 s
------------------------------------
------------------------------------
 runtime: 4.645495 s
------------------------------------
Processor 10
------------------------------------
 runtime: 4.618370 s
------------------------------------
------------------------------------
 runtime: 4.422190 s
------------------------------------
------------------------------------
 runtime: 4.451653 s
------------------------------------
------------------------------------
 runtime: 4.433898 s
------------------------------------
------------------------------------
 runtime: 4.406443 s
------------------------------------
Processor 11
------------------------------------
 runtime: 4.399107 s
------------------------------------
------------------------------------
 runtime: 4.373149 s
------------------------------------
------------------------------------
 runtime: 4.347424 s
------------------------------------
------------------------------------
 runtime: 4.338380 s
------------------------------------
------------------------------------
 runtime: 4.498031 s
------------------------------------
Processor 12
------------------------------------
 runtime: 4.143489 s
------------------------------------
------------------------------------
 runtime: 4.173766 s
------------------------------------
------------------------------------
 runtime: 4.208409 s
------------------------------------
------------------------------------
 runtime: 4.243666 s
------------------------------------
------------------------------------
 runtime: 4.122607 s
------------------------------------
Processor 13
------------------------------------
 runtime: 4.080113 s
------------------------------------
------------------------------------
 runtime: 4.449538 s
------------------------------------
------------------------------------
 runtime: 4.270388 s
------------------------------------
------------------------------------
 runtime: 4.092730 s
------------------------------------
------------------------------------
 runtime: 4.190532 s
------------------------------------
Processor 14
------------------------------------
 runtime: 4.271546 s
------------------------------------
------------------------------------
 runtime: 4.694740 s
------------------------------------
------------------------------------
 runtime: 4.730891 s
------------------------------------
------------------------------------
 runtime: 4.507069 s
------------------------------------
------------------------------------
 runtime: 4.154101 s
------------------------------------
Processor 15
------------------------------------
 runtime: 4.043169 s
------------------------------------
------------------------------------
 runtime: 4.160843 s
------------------------------------
------------------------------------
 runtime: 3.999748 s
------------------------------------
------------------------------------
 runtime: 4.269126 s
------------------------------------
------------------------------------
 runtime: 4.108120 s
------------------------------------
Processor 16
------------------------------------
 runtime: 4.172929 s
------------------------------------
------------------------------------
 runtime: 4.032125 s
------------------------------------
------------------------------------
 runtime: 4.139009 s
------------------------------------
------------------------------------
 runtime: 4.009185 s
------------------------------------
------------------------------------
 runtime: 4.081980 s
------------------------------------
Processor 17
------------------------------------
 runtime: 4.081855 s
------------------------------------
------------------------------------
 runtime: 4.085589 s
------------------------------------
------------------------------------
 runtime: 4.114576 s
------------------------------------
------------------------------------
 runtime: 4.000409 s
------------------------------------
------------------------------------
 runtime: 3.916010 s
------------------------------------
Processor 18
------------------------------------
 runtime: 4.100979 s
------------------------------------
------------------------------------
 runtime: 4.040414 s
------------------------------------
------------------------------------
 runtime: 4.038193 s
------------------------------------
------------------------------------
 runtime: 4.016057 s
------------------------------------
------------------------------------
 runtime: 3.944998 s
------------------------------------
Processor 19
------------------------------------
 runtime: 4.153698 s
------------------------------------
------------------------------------
 runtime: 4.034960 s
------------------------------------
------------------------------------
 runtime: 4.041917 s
------------------------------------
------------------------------------
 runtime: 4.232839 s
------------------------------------
------------------------------------
 runtime: 4.274446 s
------------------------------------
Processor 20
------------------------------------
 runtime: 3.878771 s
------------------------------------
------------------------------------
 runtime: 4.203564 s
------------------------------------
------------------------------------
 runtime: 4.099146 s
------------------------------------
------------------------------------
 runtime: 3.955464 s
------------------------------------
------------------------------------
 runtime: 3.936165 s
------------------------------------
Processor 21
------------------------------------
 runtime: 4.250115 s
------------------------------------
------------------------------------
 runtime: 4.260288 s
------------------------------------
------------------------------------
 runtime: 4.188019 s
------------------------------------
------------------------------------
 runtime: 4.320847 s
------------------------------------
------------------------------------
 runtime: 4.171080 s
------------------------------------
Processor 22
------------------------------------
 runtime: 4.043667 s
------------------------------------
------------------------------------
 runtime: 4.116197 s
------------------------------------
------------------------------------
 runtime: 3.933457 s
------------------------------------
------------------------------------
 runtime: 4.288018 s
------------------------------------
------------------------------------
 runtime: 4.340475 s
------------------------------------
Processor 23
------------------------------------
 runtime: 4.276122 s
------------------------------------
------------------------------------
 runtime: 4.480021 s
------------------------------------
------------------------------------
 runtime: 4.453888 s
------------------------------------
------------------------------------
 runtime: 4.068497 s
------------------------------------
------------------------------------
 runtime: 4.447815 s
------------------------------------
Processor 24
------------------------------------
 runtime: 4.313037 s
------------------------------------
------------------------------------
 runtime: 4.268082 s
------------------------------------
------------------------------------
 runtime: 4.247667 s
------------------------------------
------------------------------------
 runtime: 4.299639 s
------------------------------------
------------------------------------
 runtime: 4.579702 s
------------------------------------
Processor 25
------------------------------------
 runtime: 4.050866 s
------------------------------------
------------------------------------
 runtime: 4.239129 s
------------------------------------
------------------------------------
 runtime: 4.355524 s
------------------------------------
------------------------------------
 runtime: 4.132416 s
------------------------------------
------------------------------------
 runtime: 4.033413 s
------------------------------------
Processor 26
------------------------------------
 runtime: 4.162715 s
------------------------------------
------------------------------------
 runtime: 4.246525 s
------------------------------------
------------------------------------
 runtime: 4.203125 s
------------------------------------
------------------------------------
 runtime: 4.218296 s
------------------------------------
------------------------------------
 runtime: 4.240194 s
------------------------------------
Processor 27
------------------------------------
 runtime: 4.150903 s
------------------------------------
------------------------------------
 runtime: 4.354542 s
------------------------------------
------------------------------------
 runtime: 4.632669 s
------------------------------------
------------------------------------
 runtime: 4.443771 s
------------------------------------
------------------------------------
 runtime: 4.330510 s
------------------------------------
Processor 28
------------------------------------
 runtime: 4.109236 s
------------------------------------
------------------------------------
 runtime: 4.181467 s
------------------------------------
------------------------------------
 runtime: 4.401706 s
------------------------------------
------------------------------------
 runtime: 4.227455 s
------------------------------------
------------------------------------
 runtime: 4.102123 s
------------------------------------
Processor 29
------------------------------------
 runtime: 5.003449 s
------------------------------------
------------------------------------
 runtime: 5.154254 s
------------------------------------
------------------------------------
 runtime: 5.519708 s
------------------------------------
------------------------------------
 runtime: 5.225678 s
------------------------------------
------------------------------------
 runtime: 5.440340 s
------------------------------------
Processor 30
------------------------------------
 runtime: 5.246577 s
------------------------------------
------------------------------------
 runtime: 5.255086 s
------------------------------------
------------------------------------
 runtime: 5.654961 s
------------------------------------
------------------------------------
 runtime: 5.419962 s
------------------------------------
------------------------------------
 runtime: 5.338037 s
------------------------------------
Processor 31
------------------------------------
 runtime: 5.296754 s
------------------------------------
------------------------------------
 runtime: 5.086647 s
------------------------------------
------------------------------------
 runtime: 5.188995 s
------------------------------------
------------------------------------
 runtime: 5.306771 s
------------------------------------
------------------------------------
 runtime: 5.267221 s
------------------------------------
Processor 32
------------------------------------
 runtime: 5.196710 s
------------------------------------
------------------------------------
 runtime: 5.110806 s
------------------------------------
------------------------------------
 runtime: 5.044993 s
------------------------------------
------------------------------------
 runtime: 5.157661 s
------------------------------------
------------------------------------
 runtime: 5.679566 s
------------------------------------
Processor 33
------------------------------------
 runtime: 5.264629 s
------------------------------------
------------------------------------
 runtime: 4.991100 s
------------------------------------
------------------------------------
 runtime: 5.131057 s
------------------------------------
------------------------------------
 runtime: 5.054970 s
------------------------------------
------------------------------------
 runtime: 4.796343 s
------------------------------------
Processor 34
------------------------------------
 runtime: 4.772548 s
------------------------------------
------------------------------------
 runtime: 5.131475 s
------------------------------------
------------------------------------
 runtime: 5.287872 s
------------------------------------
------------------------------------
 runtime: 5.038668 s
------------------------------------
------------------------------------
 runtime: 5.101643 s
------------------------------------
Processor 35
------------------------------------
 runtime: 5.643285 s
------------------------------------
------------------------------------
 runtime: 5.106604 s
------------------------------------
------------------------------------
 runtime: 4.910158 s
------------------------------------
------------------------------------
 runtime: 5.019585 s
------------------------------------
------------------------------------
 runtime: 5.014900 s
------------------------------------
Processor 36
------------------------------------
 runtime: 5.034013 s
------------------------------------
------------------------------------
 runtime: 5.194022 s
------------------------------------
------------------------------------
 runtime: 4.915788 s
------------------------------------
------------------------------------
 runtime: 5.263978 s
------------------------------------
------------------------------------
 runtime: 5.071241 s
------------------------------------
Processor 37
------------------------------------
 runtime: 5.087609 s
------------------------------------
------------------------------------
 runtime: 5.210360 s
------------------------------------
------------------------------------
 runtime: 5.038496 s
------------------------------------
------------------------------------
 runtime: 5.131658 s
------------------------------------
------------------------------------
 runtime: 5.254399 s
------------------------------------
Processor 38
------------------------------------
 runtime: 5.435223 s
------------------------------------
------------------------------------
 runtime: 4.956944 s
------------------------------------
------------------------------------
 runtime: 5.386825 s
------------------------------------
------------------------------------
 runtime: 5.502160 s
------------------------------------
------------------------------------
 runtime: 5.010393 s
------------------------------------
Processor 39
------------------------------------
 runtime: 4.806342 s
------------------------------------
------------------------------------
 runtime: 4.884082 s
------------------------------------
------------------------------------
 runtime: 5.012408 s
------------------------------------
------------------------------------
 runtime: 5.207664 s
------------------------------------
------------------------------------
 runtime: 5.257102 s
------------------------------------
Processor 40
------------------------------------
 runtime: 5.367424 s
------------------------------------
------------------------------------
 runtime: 4.872423 s
------------------------------------
------------------------------------
 runtime: 4.836323 s
------------------------------------
------------------------------------
 runtime: 5.077997 s
------------------------------------
------------------------------------
 runtime: 5.067829 s
------------------------------------
Processor 41
------------------------------------
 runtime: 5.085156 s
------------------------------------
------------------------------------
 runtime: 4.991023 s
------------------------------------
------------------------------------
 runtime: 4.926509 s
------------------------------------
------------------------------------
 runtime: 5.104257 s
------------------------------------
------------------------------------
 runtime: 4.993711 s
------------------------------------
Processor 42
------------------------------------
 runtime: 4.977199 s
------------------------------------
------------------------------------
 runtime: 5.379188 s
------------------------------------
------------------------------------
 runtime: 5.011663 s
------------------------------------
------------------------------------
 runtime: 5.207850 s
------------------------------------
------------------------------------
 runtime: 5.486033 s
------------------------------------
Processor 43
------------------------------------
 runtime: 5.008351 s
------------------------------------
------------------------------------
 runtime: 5.407466 s
------------------------------------
------------------------------------
 runtime: 5.311777 s
------------------------------------
------------------------------------
 runtime: 4.833129 s
------------------------------------
------------------------------------
 runtime: 4.996152 s
------------------------------------
Processor 44
------------------------------------
 runtime: 5.079760 s
------------------------------------
------------------------------------
 runtime: 5.223797 s
------------------------------------
------------------------------------
 runtime: 5.088631 s
------------------------------------
------------------------------------
 runtime: 4.917987 s
------------------------------------
------------------------------------
 runtime: 5.123232 s
------------------------------------
Processor 45
------------------------------------
 runtime: 4.807116 s
------------------------------------
------------------------------------
 runtime: 5.052043 s
------------------------------------
------------------------------------
 runtime: 5.064910 s
------------------------------------
------------------------------------
 runtime: 4.989374 s
------------------------------------
------------------------------------
 runtime: 5.091592 s
------------------------------------
Processor 46
------------------------------------
 runtime: 4.841328 s
------------------------------------
------------------------------------
 runtime: 5.226279 s
------------------------------------
------------------------------------
 runtime: 4.597496 s
------------------------------------
------------------------------------
 runtime: 5.003143 s
------------------------------------
------------------------------------
 runtime: 4.980769 s
------------------------------------
Processor 47
------------------------------------
 runtime: 4.681339 s
------------------------------------
------------------------------------
 runtime: 4.864630 s
------------------------------------
------------------------------------
 runtime: 5.079581 s
------------------------------------
------------------------------------
 runtime: 4.747413 s
------------------------------------
------------------------------------
 runtime: 4.870651 s
------------------------------------
Processor 48
------------------------------------
 runtime: 5.376322 s
------------------------------------
------------------------------------
 runtime: 5.222105 s
------------------------------------
------------------------------------
 runtime: 5.241986 s
------------------------------------
------------------------------------
 runtime: 4.979296 s
------------------------------------
------------------------------------
 runtime: 4.766086 s
------------------------------------
Processor 49
------------------------------------
 runtime: 5.366950 s
------------------------------------
------------------------------------
 runtime: 5.010020 s
------------------------------------
------------------------------------
 runtime: 4.876215 s
------------------------------------
------------------------------------
 runtime: 5.010539 s
------------------------------------
------------------------------------
 runtime: 4.978050 s
------------------------------------
Processor 50
------------------------------------
 runtime: 5.094936 s
------------------------------------
------------------------------------
 runtime: 5.038059 s
------------------------------------
------------------------------------
 runtime: 5.287362 s
------------------------------------
------------------------------------
 runtime: 4.761929 s
------------------------------------
------------------------------------
 runtime: 4.873316 s
------------------------------------
Processor 51
------------------------------------
 runtime: 5.069977 s
------------------------------------
------------------------------------
 runtime: 5.044506 s
------------------------------------
------------------------------------
 runtime: 4.893843 s
------------------------------------
------------------------------------
 runtime: 4.916682 s
------------------------------------
------------------------------------
 runtime: 4.954545 s
------------------------------------
Processor 52
------------------------------------
 runtime: 5.361324 s
------------------------------------
------------------------------------
 runtime: 5.012380 s
------------------------------------
------------------------------------
 runtime: 4.926603 s
------------------------------------
------------------------------------
 runtime: 5.436604 s
------------------------------------
------------------------------------
 runtime: 6.290318 s
------------------------------------
Processor 53
------------------------------------
 runtime: 5.964690 s
------------------------------------
------------------------------------
 runtime: 4.931168 s
------------------------------------
------------------------------------
 runtime: 5.014039 s
------------------------------------
------------------------------------
 runtime: 5.303685 s
------------------------------------
------------------------------------
 runtime: 5.504670 s
------------------------------------
Processor 54
------------------------------------
 runtime: 4.696960 s
------------------------------------
------------------------------------
 runtime: 4.829604 s
------------------------------------
------------------------------------
 runtime: 5.115457 s
------------------------------------
------------------------------------
 runtime: 4.677293 s
------------------------------------
------------------------------------
 runtime: 5.559457 s
------------------------------------
Processor 55
------------------------------------
 runtime: 5.476031 s
------------------------------------
------------------------------------
 runtime: 5.503117 s
------------------------------------
------------------------------------
 runtime: 5.552010 s
------------------------------------
------------------------------------
 runtime: 4.863804 s
------------------------------------
------------------------------------
 runtime: 5.522999 s
------------------------------------
Processor 56
------------------------------------
 runtime: 5.204832 s
------------------------------------
------------------------------------
 runtime: 5.247909 s
------------------------------------
------------------------------------
 runtime: 5.668329 s
------------------------------------
------------------------------------
 runtime: 5.226095 s
------------------------------------
------------------------------------
 runtime: 5.289554 s
------------------------------------
