Running on host compute086.bc4.acrc.priv
Time is Thu Dec 12 10:13:57 GMT 2019
Directory is /mnt/storage/home/fh19804/Stencil/OpenMP
Slurm job ID is 2902289

This job runs on the following machines:
compute086

Processor 1
------------------------------------
 runtime: 0.375955 s
------------------------------------
------------------------------------
 runtime: 0.375313 s
------------------------------------
------------------------------------
 runtime: 0.373379 s
------------------------------------
------------------------------------
 runtime: 0.374243 s
------------------------------------
------------------------------------
 runtime: 0.374682 s
------------------------------------
Processor 2
------------------------------------
 runtime: 0.189386 s
------------------------------------
------------------------------------
 runtime: 0.190421 s
------------------------------------
------------------------------------
 runtime: 0.189127 s
------------------------------------
------------------------------------
 runtime: 0.189151 s
------------------------------------
------------------------------------
 runtime: 0.188875 s
------------------------------------
Processor 3
------------------------------------
 runtime: 0.127112 s
------------------------------------
------------------------------------
 runtime: 0.127796 s
------------------------------------
------------------------------------
 runtime: 0.127048 s
------------------------------------
------------------------------------
 runtime: 0.126850 s
------------------------------------
------------------------------------
 runtime: 0.126661 s
------------------------------------
Processor 4
------------------------------------
 runtime: 0.096911 s
------------------------------------
------------------------------------
 runtime: 0.096290 s
------------------------------------
------------------------------------
 runtime: 0.095942 s
------------------------------------
------------------------------------
 runtime: 0.098523 s
------------------------------------
------------------------------------
 runtime: 0.098833 s
------------------------------------
Processor 5
------------------------------------
 runtime: 0.078390 s
------------------------------------
------------------------------------
 runtime: 0.077578 s
------------------------------------
------------------------------------
 runtime: 0.078946 s
------------------------------------
------------------------------------
 runtime: 0.079109 s
------------------------------------
------------------------------------
 runtime: 0.093929 s
------------------------------------
Processor 6
------------------------------------
 runtime: 0.066038 s
------------------------------------
------------------------------------
 runtime: 0.089479 s
------------------------------------
------------------------------------
 runtime: 0.066986 s
------------------------------------
------------------------------------
 runtime: 0.082599 s
------------------------------------
------------------------------------
 runtime: 0.074077 s
------------------------------------
Processor 7
------------------------------------
 runtime: 0.059046 s
------------------------------------
------------------------------------
 runtime: 0.058563 s
------------------------------------
------------------------------------
 runtime: 0.060209 s
------------------------------------
------------------------------------
 runtime: 0.057809 s
------------------------------------
------------------------------------
 runtime: 0.057308 s
------------------------------------
Processor 8
------------------------------------
 runtime: 0.050742 s
------------------------------------
------------------------------------
 runtime: 0.054938 s
------------------------------------
------------------------------------
 runtime: 0.051807 s
------------------------------------
------------------------------------
 runtime: 0.055826 s
------------------------------------
------------------------------------
 runtime: 0.051780 s
------------------------------------
Processor 9
------------------------------------
 runtime: 0.055235 s
------------------------------------
------------------------------------
 runtime: 0.045087 s
------------------------------------
------------------------------------
 runtime: 0.048783 s
------------------------------------
------------------------------------
 runtime: 0.049427 s
------------------------------------
------------------------------------
 runtime: 0.065108 s
------------------------------------
Processor 10
------------------------------------
 runtime: 0.041876 s
------------------------------------
------------------------------------
 runtime: 0.048570 s
------------------------------------
------------------------------------
 runtime: 0.042872 s
------------------------------------
------------------------------------
 runtime: 0.051184 s
------------------------------------
------------------------------------
 runtime: 0.059394 s
------------------------------------
Processor 11
------------------------------------
 runtime: 0.039243 s
------------------------------------
------------------------------------
 runtime: 0.060604 s
------------------------------------
------------------------------------
 runtime: 0.045513 s
------------------------------------
------------------------------------
 runtime: 0.048603 s
------------------------------------
------------------------------------
 runtime: 0.056818 s
------------------------------------
Processor 12
------------------------------------
 runtime: 0.043264 s
------------------------------------
------------------------------------
 runtime: 0.070052 s
------------------------------------
------------------------------------
 runtime: 0.050836 s
------------------------------------
------------------------------------
 runtime: 0.041063 s
------------------------------------
------------------------------------
 runtime: 0.061505 s
------------------------------------
Processor 13
------------------------------------
 runtime: 0.046049 s
------------------------------------
------------------------------------
 runtime: 0.076972 s
------------------------------------
------------------------------------
 runtime: 0.058019 s
------------------------------------
------------------------------------
 runtime: 0.053077 s
------------------------------------
------------------------------------
 runtime: 0.058910 s
------------------------------------
Processor 14
------------------------------------
 runtime: 0.038204 s
------------------------------------
------------------------------------
 runtime: 0.075311 s
------------------------------------
------------------------------------
 runtime: 0.053591 s
------------------------------------
------------------------------------
 runtime: 0.048246 s
------------------------------------
------------------------------------
 runtime: 0.055496 s
------------------------------------
Processor 15
------------------------------------
 runtime: 0.049353 s
------------------------------------
------------------------------------
 runtime: 0.039584 s
------------------------------------
------------------------------------
 runtime: 0.044051 s
------------------------------------
------------------------------------
 runtime: 0.048208 s
------------------------------------
------------------------------------
 runtime: 0.078117 s
------------------------------------
Processor 16
------------------------------------
 runtime: 0.057150 s
------------------------------------
------------------------------------
 runtime: 0.077246 s
------------------------------------
------------------------------------
 runtime: 0.050834 s
------------------------------------
------------------------------------
 runtime: 0.068819 s
------------------------------------
------------------------------------
 runtime: 0.050213 s
------------------------------------
Processor 17
------------------------------------
 runtime: 0.049247 s
------------------------------------
------------------------------------
 runtime: 0.048739 s
------------------------------------
------------------------------------
 runtime: 0.044061 s
------------------------------------
------------------------------------
 runtime: 0.047838 s
------------------------------------
------------------------------------
 runtime: 0.049366 s
------------------------------------
Processor 18
------------------------------------
 runtime: 0.048896 s
------------------------------------
------------------------------------
 runtime: 0.058791 s
------------------------------------
------------------------------------
 runtime: 0.040830 s
------------------------------------
------------------------------------
 runtime: 0.043618 s
------------------------------------
------------------------------------
 runtime: 0.046897 s
------------------------------------
Processor 19
------------------------------------
 runtime: 0.078709 s
------------------------------------
------------------------------------
 runtime: 0.046880 s
------------------------------------
------------------------------------
 runtime: 0.073188 s
------------------------------------
------------------------------------
 runtime: 0.039914 s
------------------------------------
------------------------------------
 runtime: 0.058125 s
------------------------------------
Processor 20
------------------------------------
 runtime: 0.069478 s
------------------------------------
------------------------------------
 runtime: 0.035610 s
------------------------------------
------------------------------------
 runtime: 0.045216 s
------------------------------------
------------------------------------
 runtime: 0.039969 s
------------------------------------
------------------------------------
 runtime: 0.051015 s
------------------------------------
Processor 21
------------------------------------
 runtime: 0.059945 s
------------------------------------
------------------------------------
 runtime: 0.161995 s
------------------------------------
------------------------------------
 runtime: 0.032358 s
------------------------------------
------------------------------------
 runtime: 0.060049 s
------------------------------------
------------------------------------
 runtime: 0.051961 s
------------------------------------
Processor 22
------------------------------------
 runtime: 0.074628 s
------------------------------------
------------------------------------
 runtime: 0.047004 s
------------------------------------
------------------------------------
 runtime: 0.054401 s
------------------------------------
------------------------------------
 runtime: 0.053456 s
------------------------------------
------------------------------------
 runtime: 0.050481 s
------------------------------------
Processor 23
------------------------------------
 runtime: 0.048128 s
------------------------------------
------------------------------------
 runtime: 0.042584 s
------------------------------------
------------------------------------
 runtime: 0.057570 s
------------------------------------
------------------------------------
 runtime: 0.054521 s
------------------------------------
------------------------------------
 runtime: 0.039458 s
------------------------------------
Processor 24
------------------------------------
 runtime: 0.040614 s
------------------------------------
------------------------------------
 runtime: 0.060635 s
------------------------------------
------------------------------------
 runtime: 0.054953 s
------------------------------------
------------------------------------
 runtime: 0.062171 s
------------------------------------
------------------------------------
 runtime: 0.066408 s
------------------------------------
Processor 25
------------------------------------
 runtime: 0.074464 s
------------------------------------
------------------------------------
 runtime: 0.087248 s
------------------------------------
------------------------------------
 runtime: 0.048254 s
------------------------------------
------------------------------------
 runtime: 0.045317 s
------------------------------------
------------------------------------
 runtime: 0.053162 s
------------------------------------
Processor 26
------------------------------------
 runtime: 0.070923 s
------------------------------------
------------------------------------
 runtime: 0.040348 s
------------------------------------
------------------------------------
 runtime: 0.052869 s
------------------------------------
------------------------------------
 runtime: 0.056297 s
------------------------------------
------------------------------------
 runtime: 0.063314 s
------------------------------------
Processor 27
------------------------------------
 runtime: 0.049367 s
------------------------------------
------------------------------------
 runtime: 0.048580 s
------------------------------------
------------------------------------
 runtime: 0.056808 s
------------------------------------
------------------------------------
 runtime: 0.053030 s
------------------------------------
------------------------------------
 runtime: 0.129260 s
------------------------------------
Processor 28
------------------------------------
 runtime: 0.060346 s
------------------------------------
------------------------------------
 runtime: 0.070840 s
------------------------------------
------------------------------------
 runtime: 0.059360 s
------------------------------------
------------------------------------
 runtime: 0.088104 s
------------------------------------
------------------------------------
 runtime: 0.056919 s
------------------------------------
Processor 29
------------------------------------
 runtime: 0.057872 s
------------------------------------
------------------------------------
 runtime: 0.058205 s
------------------------------------
------------------------------------
 runtime: 0.062742 s
------------------------------------
------------------------------------
 runtime: 0.077034 s
------------------------------------
------------------------------------
 runtime: 0.052263 s
------------------------------------
Processor 30
------------------------------------
 runtime: 0.058649 s
------------------------------------
------------------------------------
 runtime: 0.059492 s
------------------------------------
------------------------------------
 runtime: 0.060364 s
------------------------------------
------------------------------------
 runtime: 0.058387 s
------------------------------------
------------------------------------
 runtime: 0.061410 s
------------------------------------
Processor 31
------------------------------------
 runtime: 0.052935 s
------------------------------------
------------------------------------
 runtime: 0.042851 s
------------------------------------
------------------------------------
 runtime: 0.054216 s
------------------------------------
------------------------------------
 runtime: 0.054115 s
------------------------------------
------------------------------------
 runtime: 0.085460 s
------------------------------------
Processor 32
------------------------------------
 runtime: 0.285371 s
------------------------------------
------------------------------------
 runtime: 0.064478 s
------------------------------------
------------------------------------
 runtime: 0.076002 s
------------------------------------
------------------------------------
 runtime: 0.055189 s
------------------------------------
------------------------------------
 runtime: 0.137557 s
------------------------------------
Processor 33
------------------------------------
 runtime: 0.083375 s
------------------------------------
------------------------------------
 runtime: 0.058511 s
------------------------------------
------------------------------------
 runtime: 0.197075 s
------------------------------------
------------------------------------
 runtime: 0.059315 s
------------------------------------
------------------------------------
 runtime: 0.065249 s
------------------------------------
Processor 34
------------------------------------
 runtime: 0.069548 s
------------------------------------
------------------------------------
 runtime: 0.071302 s
------------------------------------
------------------------------------
 runtime: 0.064645 s
------------------------------------
------------------------------------
 runtime: 0.065705 s
------------------------------------
------------------------------------
 runtime: 0.084920 s
------------------------------------
Processor 35
------------------------------------
 runtime: 0.057575 s
------------------------------------
------------------------------------
 runtime: 0.056626 s
------------------------------------
------------------------------------
 runtime: 0.071380 s
------------------------------------
------------------------------------
 runtime: 0.068121 s
------------------------------------
------------------------------------
 runtime: 0.079382 s
------------------------------------
Processor 36
------------------------------------
 runtime: 0.060426 s
------------------------------------
------------------------------------
 runtime: 0.052062 s
------------------------------------
------------------------------------
 runtime: 0.228993 s
------------------------------------
------------------------------------
 runtime: 0.110326 s
------------------------------------
------------------------------------
 runtime: 0.134395 s
------------------------------------
Processor 37
------------------------------------
 runtime: 0.081164 s
------------------------------------
------------------------------------
 runtime: 0.080893 s
------------------------------------
------------------------------------
 runtime: 0.078518 s
------------------------------------
------------------------------------
 runtime: 0.078922 s
------------------------------------
------------------------------------
 runtime: 0.047929 s
------------------------------------
Processor 38
------------------------------------
 runtime: 0.087956 s
------------------------------------
------------------------------------
 runtime: 0.093162 s
------------------------------------
------------------------------------
 runtime: 0.061321 s
------------------------------------
------------------------------------
 runtime: 0.096441 s
------------------------------------
------------------------------------
 runtime: 0.110490 s
------------------------------------
Processor 39
------------------------------------
 runtime: 0.099585 s
------------------------------------
------------------------------------
 runtime: 0.106945 s
------------------------------------
------------------------------------
 runtime: 0.097359 s
------------------------------------
------------------------------------
 runtime: 0.071784 s
------------------------------------
------------------------------------
 runtime: 0.088031 s
------------------------------------
Processor 40
------------------------------------
 runtime: 0.085641 s
------------------------------------
------------------------------------
 runtime: 0.087792 s
------------------------------------
------------------------------------
 runtime: 0.080743 s
------------------------------------
------------------------------------
 runtime: 0.066335 s
------------------------------------
------------------------------------
 runtime: 0.072926 s
------------------------------------
Processor 41
------------------------------------
 runtime: 0.085914 s
------------------------------------
------------------------------------
 runtime: 0.086546 s
------------------------------------
------------------------------------
 runtime: 0.083748 s
------------------------------------
------------------------------------
 runtime: 0.082850 s
------------------------------------
------------------------------------
 runtime: 0.088439 s
------------------------------------
Processor 42
------------------------------------
 runtime: 0.091453 s
------------------------------------
------------------------------------
 runtime: 0.079414 s
------------------------------------
------------------------------------
 runtime: 0.087787 s
------------------------------------
------------------------------------
 runtime: 0.090975 s
------------------------------------
------------------------------------
 runtime: 0.076324 s
------------------------------------
Processor 43
------------------------------------
 runtime: 0.312746 s
------------------------------------
------------------------------------
 runtime: 0.127725 s
------------------------------------
------------------------------------
 runtime: 0.122321 s
------------------------------------
------------------------------------
 runtime: 0.096926 s
------------------------------------
------------------------------------
 runtime: 0.115820 s
------------------------------------
Processor 44
------------------------------------
 runtime: 0.104060 s
------------------------------------
------------------------------------
 runtime: 0.077783 s
------------------------------------
------------------------------------
 runtime: 0.108374 s
------------------------------------
------------------------------------
 runtime: 0.118650 s
------------------------------------
------------------------------------
 runtime: 0.108340 s
------------------------------------
Processor 45
------------------------------------
 runtime: 0.092645 s
------------------------------------
------------------------------------
 runtime: 0.184426 s
------------------------------------
------------------------------------
 runtime: 0.239921 s
------------------------------------
------------------------------------
 runtime: 0.069423 s
------------------------------------
------------------------------------
 runtime: 0.082411 s
------------------------------------
Processor 46
------------------------------------
 runtime: 0.224411 s
------------------------------------
------------------------------------
 runtime: 0.089668 s
------------------------------------
------------------------------------
 runtime: 0.070985 s
------------------------------------
------------------------------------
 runtime: 0.146965 s
------------------------------------
------------------------------------
 runtime: 0.074614 s
------------------------------------
Processor 47
------------------------------------
 runtime: 0.087340 s
------------------------------------
------------------------------------
 runtime: 0.105063 s
------------------------------------
------------------------------------
 runtime: 0.131214 s
------------------------------------
------------------------------------
 runtime: 0.254400 s
------------------------------------
------------------------------------
 runtime: 0.098769 s
------------------------------------
Processor 48
------------------------------------
 runtime: 0.087360 s
------------------------------------
------------------------------------
 runtime: 0.085133 s
------------------------------------
------------------------------------
 runtime: 0.107809 s
------------------------------------
------------------------------------
 runtime: 0.255658 s
------------------------------------
------------------------------------
 runtime: 0.110013 s
------------------------------------
Processor 49
------------------------------------
 runtime: 0.089389 s
------------------------------------
------------------------------------
 runtime: 0.220449 s
------------------------------------
------------------------------------
 runtime: 0.131601 s
------------------------------------
------------------------------------
 runtime: 0.112086 s
------------------------------------
------------------------------------
 runtime: 0.118488 s
------------------------------------
Processor 50
------------------------------------
 runtime: 0.126599 s
------------------------------------
------------------------------------
 runtime: 0.123864 s
------------------------------------
------------------------------------
 runtime: 0.152517 s
------------------------------------
------------------------------------
 runtime: 0.146187 s
------------------------------------
------------------------------------
 runtime: 0.092397 s
------------------------------------
Processor 51
------------------------------------
 runtime: 0.118417 s
------------------------------------
------------------------------------
 runtime: 0.085758 s
------------------------------------
------------------------------------
 runtime: 0.283703 s
------------------------------------
------------------------------------
 runtime: 0.105793 s
------------------------------------
------------------------------------
 runtime: 0.081893 s
------------------------------------
Processor 52
------------------------------------
 runtime: 0.088478 s
------------------------------------
------------------------------------
 runtime: 0.080722 s
------------------------------------
------------------------------------
 runtime: 0.114047 s
------------------------------------
------------------------------------
 runtime: 0.091271 s
------------------------------------
------------------------------------
 runtime: 0.098953 s
------------------------------------
Processor 53
------------------------------------
 runtime: 0.109209 s
------------------------------------
------------------------------------
 runtime: 0.071920 s
------------------------------------
------------------------------------
 runtime: 0.126790 s
------------------------------------
------------------------------------
 runtime: 0.108812 s
------------------------------------
------------------------------------
 runtime: 0.140636 s
------------------------------------
Processor 54
------------------------------------
 runtime: 0.113086 s
------------------------------------
------------------------------------
 runtime: 0.180067 s
------------------------------------
------------------------------------
 runtime: 0.094153 s
------------------------------------
------------------------------------
 runtime: 0.097957 s
------------------------------------
------------------------------------
 runtime: 0.214703 s
------------------------------------
Processor 55
------------------------------------
 runtime: 0.144750 s
------------------------------------
------------------------------------
 runtime: 0.105863 s
------------------------------------
------------------------------------
 runtime: 0.119394 s
------------------------------------
------------------------------------
 runtime: 0.103564 s
------------------------------------
------------------------------------
 runtime: 0.253709 s
------------------------------------
Processor 56
------------------------------------
 runtime: 0.103697 s
------------------------------------
------------------------------------
 runtime: 0.115767 s
------------------------------------
------------------------------------
 runtime: 0.106673 s
------------------------------------
------------------------------------
 runtime: 0.095277 s
------------------------------------
------------------------------------
 runtime: 0.109131 s
------------------------------------
