Running on host compute084.bc4.acrc.priv
Time is Sun Dec 15 23:58:56 GMT 2019
Directory is /mnt/storage/home/fh19804/Stencil/OpenMP
Slurm job ID is 2918058

This job runs on the following machines:
compute084

Processor 1
------------------------------------
 runtime: 0.375512 s
------------------------------------
------------------------------------
 runtime: 0.373934 s
------------------------------------
------------------------------------
 runtime: 0.371671 s
------------------------------------
------------------------------------
 runtime: 0.373037 s
------------------------------------
------------------------------------
 runtime: 0.374381 s
------------------------------------
Processor 2
------------------------------------
 runtime: 0.383354 s
------------------------------------
------------------------------------
 runtime: 0.382793 s
------------------------------------
------------------------------------
 runtime: 0.381992 s
------------------------------------
------------------------------------
 runtime: 0.383208 s
------------------------------------
------------------------------------
 runtime: 0.383388 s
------------------------------------
Processor 3
------------------------------------
 runtime: 0.244532 s
------------------------------------
------------------------------------
 runtime: 0.244258 s
------------------------------------
------------------------------------
 runtime: 0.243392 s
------------------------------------
------------------------------------
 runtime: 0.257292 s
------------------------------------
------------------------------------
 runtime: 0.258097 s
------------------------------------
Processor 4
------------------------------------
 runtime: 0.202837 s
------------------------------------
------------------------------------
 runtime: 0.202636 s
------------------------------------
------------------------------------
 runtime: 0.207850 s
------------------------------------
------------------------------------
 runtime: 0.199951 s
------------------------------------
------------------------------------
 runtime: 0.191827 s
------------------------------------
Processor 5
------------------------------------
 runtime: 0.167678 s
------------------------------------
------------------------------------
 runtime: 0.173653 s
------------------------------------
------------------------------------
 runtime: 0.167562 s
------------------------------------
------------------------------------
 runtime: 0.163478 s
------------------------------------
------------------------------------
 runtime: 0.167997 s
------------------------------------
Processor 6
------------------------------------
 runtime: 0.147245 s
------------------------------------
------------------------------------
 runtime: 0.135543 s
------------------------------------
------------------------------------
 runtime: 0.131605 s
------------------------------------
------------------------------------
 runtime: 0.158182 s
------------------------------------
------------------------------------
 runtime: 0.144035 s
------------------------------------
Processor 7
------------------------------------
 runtime: 0.148571 s
------------------------------------
------------------------------------
 runtime: 0.136310 s
------------------------------------
------------------------------------
 runtime: 0.143424 s
------------------------------------
------------------------------------
 runtime: 0.135065 s
------------------------------------
------------------------------------
 runtime: 0.140462 s
------------------------------------
Processor 8
------------------------------------
 runtime: 0.140208 s
------------------------------------
------------------------------------
 runtime: 0.128405 s
------------------------------------
------------------------------------
 runtime: 0.142511 s
------------------------------------
------------------------------------
 runtime: 0.129680 s
------------------------------------
------------------------------------
 runtime: 0.131088 s
------------------------------------
Processor 9
------------------------------------
 runtime: 0.129757 s
------------------------------------
------------------------------------
 runtime: 0.124218 s
------------------------------------
------------------------------------
 runtime: 0.139546 s
------------------------------------
------------------------------------
 runtime: 0.132043 s
------------------------------------
------------------------------------
 runtime: 0.137295 s
------------------------------------
Processor 10
------------------------------------
 runtime: 0.137631 s
------------------------------------
------------------------------------
 runtime: 0.139428 s
------------------------------------
------------------------------------
 runtime: 0.148697 s
------------------------------------
------------------------------------
 runtime: 0.127201 s
------------------------------------
------------------------------------
 runtime: 0.141294 s
------------------------------------
Processor 11
------------------------------------
 runtime: 0.129159 s
------------------------------------
------------------------------------
 runtime: 0.130411 s
------------------------------------
------------------------------------
 runtime: 0.139166 s
------------------------------------
------------------------------------
 runtime: 0.149033 s
------------------------------------
------------------------------------
 runtime: 0.129585 s
------------------------------------
Processor 12
------------------------------------
 runtime: 0.141187 s
------------------------------------
------------------------------------
 runtime: 0.139920 s
------------------------------------
------------------------------------
 runtime: 0.139883 s
------------------------------------
------------------------------------
 runtime: 0.144072 s
------------------------------------
------------------------------------
 runtime: 0.150903 s
------------------------------------
Processor 13
------------------------------------
 runtime: 0.144410 s
------------------------------------
------------------------------------
 runtime: 0.120392 s
------------------------------------
------------------------------------
 runtime: 0.143644 s
------------------------------------
------------------------------------
 runtime: 0.151140 s
------------------------------------
------------------------------------
 runtime: 0.132413 s
------------------------------------
Processor 14
------------------------------------
 runtime: 0.142098 s
------------------------------------
------------------------------------
 runtime: 0.142383 s
------------------------------------
------------------------------------
 runtime: 0.131394 s
------------------------------------
------------------------------------
 runtime: 0.141046 s
------------------------------------
------------------------------------
 runtime: 0.130672 s
------------------------------------
Processor 15
------------------------------------
 runtime: 0.153405 s
------------------------------------
------------------------------------
 runtime: 0.145020 s
------------------------------------
------------------------------------
 runtime: 0.141442 s
------------------------------------
------------------------------------
 runtime: 0.129198 s
------------------------------------
------------------------------------
 runtime: 0.136000 s
------------------------------------
Processor 16
------------------------------------
 runtime: 0.132343 s
------------------------------------
------------------------------------
 runtime: 0.133904 s
------------------------------------
------------------------------------
 runtime: 0.133010 s
------------------------------------
------------------------------------
 runtime: 0.137339 s
------------------------------------
------------------------------------
 runtime: 0.135064 s
------------------------------------
Processor 17
------------------------------------
 runtime: 0.136844 s
------------------------------------
------------------------------------
 runtime: 0.137865 s
------------------------------------
------------------------------------
 runtime: 0.147179 s
------------------------------------
------------------------------------
 runtime: 0.146647 s
------------------------------------
------------------------------------
 runtime: 0.131054 s
------------------------------------
Processor 18
------------------------------------
 runtime: 0.136392 s
------------------------------------
------------------------------------
 runtime: 0.134994 s
------------------------------------
------------------------------------
 runtime: 0.137637 s
------------------------------------
------------------------------------
 runtime: 0.252868 s
------------------------------------
------------------------------------
 runtime: 0.132439 s
------------------------------------
Processor 19
------------------------------------
 runtime: 0.137010 s
------------------------------------
------------------------------------
 runtime: 0.149530 s
------------------------------------
------------------------------------
 runtime: 0.144392 s
------------------------------------
------------------------------------
 runtime: 0.137965 s
------------------------------------
------------------------------------
 runtime: 0.132702 s
------------------------------------
Processor 20
------------------------------------
 runtime: 0.131688 s
------------------------------------
------------------------------------
 runtime: 0.146120 s
------------------------------------
------------------------------------
 runtime: 0.130664 s
------------------------------------
------------------------------------
 runtime: 0.147844 s
------------------------------------
------------------------------------
 runtime: 0.140255 s
------------------------------------
Processor 21
------------------------------------
 runtime: 0.130710 s
------------------------------------
------------------------------------
 runtime: 0.135934 s
------------------------------------
------------------------------------
 runtime: 0.131378 s
------------------------------------
------------------------------------
 runtime: 0.147317 s
------------------------------------
------------------------------------
 runtime: 0.143782 s
------------------------------------
Processor 22
------------------------------------
 runtime: 0.132967 s
------------------------------------
------------------------------------
 runtime: 0.131314 s
------------------------------------
------------------------------------
 runtime: 0.137888 s
------------------------------------
------------------------------------
 runtime: 0.128933 s
------------------------------------
------------------------------------
 runtime: 0.132555 s
------------------------------------
Processor 23
------------------------------------
 runtime: 0.132121 s
------------------------------------
------------------------------------
 runtime: 0.132407 s
------------------------------------
------------------------------------
 runtime: 0.147425 s
------------------------------------
------------------------------------
 runtime: 0.140861 s
------------------------------------
------------------------------------
 runtime: 0.132540 s
------------------------------------
Processor 24
------------------------------------
 runtime: 0.130391 s
------------------------------------
------------------------------------
 runtime: 0.134269 s
------------------------------------
------------------------------------
 runtime: 0.148446 s
------------------------------------
------------------------------------
 runtime: 0.151877 s
------------------------------------
------------------------------------
 runtime: 0.129187 s
------------------------------------
Processor 25
------------------------------------
 runtime: 0.131059 s
------------------------------------
------------------------------------
 runtime: 0.142820 s
------------------------------------
------------------------------------
 runtime: 0.134556 s
------------------------------------
------------------------------------
 runtime: 0.138524 s
------------------------------------
------------------------------------
 runtime: 0.261073 s
------------------------------------
Processor 26
------------------------------------
 runtime: 0.136982 s
------------------------------------
------------------------------------
 runtime: 0.126623 s
------------------------------------
------------------------------------
 runtime: 0.131602 s
------------------------------------
------------------------------------
 runtime: 0.121606 s
------------------------------------
------------------------------------
 runtime: 0.151296 s
------------------------------------
Processor 27
------------------------------------
 runtime: 0.141432 s
------------------------------------
------------------------------------
 runtime: 0.123059 s
------------------------------------
------------------------------------
 runtime: 0.147480 s
------------------------------------
------------------------------------
 runtime: 0.148576 s
------------------------------------
------------------------------------
 runtime: 0.145129 s
------------------------------------
Processor 28
------------------------------------
 runtime: 0.122213 s
------------------------------------
------------------------------------
 runtime: 0.119836 s
------------------------------------
------------------------------------
 runtime: 0.177194 s
------------------------------------
------------------------------------
 runtime: 0.118053 s
------------------------------------
------------------------------------
 runtime: 0.129973 s
------------------------------------
Processor 29
------------------------------------
 runtime: 0.122803 s
------------------------------------
------------------------------------
 runtime: 0.193712 s
------------------------------------
------------------------------------
 runtime: 0.171857 s
------------------------------------
------------------------------------
 runtime: 0.126043 s
------------------------------------
------------------------------------
 runtime: 0.149535 s
------------------------------------
Processor 30
------------------------------------
 runtime: 0.265872 s
------------------------------------
------------------------------------
 runtime: 0.215738 s
------------------------------------
------------------------------------
 runtime: 0.136858 s
------------------------------------
------------------------------------
 runtime: 0.240049 s
------------------------------------
------------------------------------
 runtime: 0.217469 s
------------------------------------
Processor 31
------------------------------------
 runtime: 0.250169 s
------------------------------------
------------------------------------
 runtime: 0.196899 s
------------------------------------
------------------------------------
 runtime: 0.176771 s
------------------------------------
------------------------------------
 runtime: 0.273932 s
------------------------------------
------------------------------------
 runtime: 0.123683 s
------------------------------------
Processor 32
------------------------------------
 runtime: 0.266312 s
------------------------------------
------------------------------------
 runtime: 0.144520 s
------------------------------------
------------------------------------
 runtime: 0.150152 s
------------------------------------
------------------------------------
 runtime: 0.187079 s
------------------------------------
------------------------------------
 runtime: 0.243209 s
------------------------------------
Processor 33
------------------------------------
 runtime: 0.260483 s
------------------------------------
------------------------------------
 runtime: 0.256222 s
------------------------------------
------------------------------------
 runtime: 0.292734 s
------------------------------------
------------------------------------
 runtime: 0.220365 s
------------------------------------
------------------------------------
 runtime: 0.295666 s
------------------------------------
Processor 34
------------------------------------
 runtime: 0.248215 s
------------------------------------
------------------------------------
 runtime: 0.257804 s
------------------------------------
------------------------------------
 runtime: 0.427205 s
------------------------------------
------------------------------------
 runtime: 0.195743 s
------------------------------------
------------------------------------
 runtime: 0.360486 s
------------------------------------
Processor 35
------------------------------------
 runtime: 0.235203 s
------------------------------------
------------------------------------
 runtime: 0.260983 s
------------------------------------
------------------------------------
 runtime: 0.238241 s
------------------------------------
------------------------------------
 runtime: 0.264773 s
------------------------------------
------------------------------------
 runtime: 0.211138 s
------------------------------------
Processor 36
------------------------------------
 runtime: 0.476268 s
------------------------------------
------------------------------------
 runtime: 0.252800 s
------------------------------------
------------------------------------
 runtime: 0.397424 s
------------------------------------
------------------------------------
 runtime: 0.483787 s
------------------------------------
------------------------------------
 runtime: 0.262015 s
------------------------------------
Processor 37
------------------------------------
 runtime: 0.349360 s
------------------------------------
------------------------------------
 runtime: 0.273997 s
------------------------------------
------------------------------------
 runtime: 0.345394 s
------------------------------------
------------------------------------
 runtime: 0.209629 s
------------------------------------
------------------------------------
 runtime: 0.415308 s
------------------------------------
Processor 38
------------------------------------
 runtime: 0.253501 s
------------------------------------
------------------------------------
 runtime: 0.363857 s
------------------------------------
------------------------------------
 runtime: 0.283182 s
------------------------------------
------------------------------------
 runtime: 0.270137 s
------------------------------------
------------------------------------
 runtime: 0.435881 s
------------------------------------
Processor 39
------------------------------------
 runtime: 0.300896 s
------------------------------------
------------------------------------
 runtime: 0.283631 s
------------------------------------
------------------------------------
 runtime: 0.383994 s
------------------------------------
------------------------------------
 runtime: 0.482481 s
------------------------------------
------------------------------------
 runtime: 0.449885 s
------------------------------------
Processor 40
------------------------------------
 runtime: 0.478484 s
------------------------------------
------------------------------------
 runtime: 0.276120 s
------------------------------------
------------------------------------
 runtime: 0.247331 s
------------------------------------
------------------------------------
 runtime: 0.353787 s
------------------------------------
------------------------------------
 runtime: 0.306241 s
------------------------------------
Processor 41
------------------------------------
 runtime: 0.363274 s
------------------------------------
------------------------------------
 runtime: 0.251575 s
------------------------------------
------------------------------------
 runtime: 0.511020 s
------------------------------------
------------------------------------
 runtime: 0.247327 s
------------------------------------
------------------------------------
 runtime: 0.516262 s
------------------------------------
Processor 42
------------------------------------
 runtime: 0.387305 s
------------------------------------
------------------------------------
 runtime: 0.314589 s
------------------------------------
------------------------------------
 runtime: 0.394925 s
------------------------------------
------------------------------------
 runtime: 0.248247 s
------------------------------------
------------------------------------
 runtime: 0.384668 s
------------------------------------
Processor 43
------------------------------------
 runtime: 0.376846 s
------------------------------------
------------------------------------
 runtime: 0.476369 s
------------------------------------
------------------------------------
 runtime: 0.365265 s
------------------------------------
------------------------------------
 runtime: 0.465781 s
------------------------------------
------------------------------------
 runtime: 0.348356 s
------------------------------------
Processor 44
------------------------------------
 runtime: 0.243700 s
------------------------------------
------------------------------------
 runtime: 0.419612 s
------------------------------------
------------------------------------
 runtime: 0.599020 s
------------------------------------
------------------------------------
 runtime: 0.290232 s
------------------------------------
------------------------------------
 runtime: 0.307896 s
------------------------------------
Processor 45
------------------------------------
 runtime: 0.629775 s
------------------------------------
------------------------------------
 runtime: 0.359060 s
------------------------------------
------------------------------------
 runtime: 0.346459 s
------------------------------------
------------------------------------
 runtime: 0.449863 s
------------------------------------
------------------------------------
 runtime: 0.329154 s
------------------------------------
Processor 46
------------------------------------
 runtime: 0.313017 s
------------------------------------
------------------------------------
 runtime: 0.524684 s
------------------------------------
------------------------------------
 runtime: 0.418975 s
------------------------------------
------------------------------------
 runtime: 0.429091 s
------------------------------------
------------------------------------
 runtime: 0.520934 s
------------------------------------
Processor 47
------------------------------------
 runtime: 0.343105 s
------------------------------------
------------------------------------
 runtime: 0.555765 s
------------------------------------
------------------------------------
 runtime: 0.418468 s
------------------------------------
------------------------------------
 runtime: 0.381579 s
------------------------------------
------------------------------------
 runtime: 0.326573 s
------------------------------------
Processor 48
------------------------------------
 runtime: 0.575189 s
------------------------------------
------------------------------------
 runtime: 0.397408 s
------------------------------------
------------------------------------
 runtime: 0.381512 s
------------------------------------
------------------------------------
 runtime: 0.353615 s
------------------------------------
------------------------------------
 runtime: 0.423906 s
------------------------------------
Processor 49
------------------------------------
 runtime: 0.361059 s
------------------------------------
------------------------------------
 runtime: 0.363407 s
------------------------------------
------------------------------------
 runtime: 0.376352 s
------------------------------------
------------------------------------
 runtime: 0.399376 s
------------------------------------
------------------------------------
 runtime: 0.303492 s
------------------------------------
Processor 50
------------------------------------
 runtime: 0.368106 s
------------------------------------
------------------------------------
 runtime: 0.415839 s
------------------------------------
------------------------------------
 runtime: 0.514786 s
------------------------------------
------------------------------------
 runtime: 0.398647 s
------------------------------------
------------------------------------
 runtime: 0.403685 s
------------------------------------
Processor 51
------------------------------------
 runtime: 0.334464 s
------------------------------------
------------------------------------
 runtime: 0.401688 s
------------------------------------
------------------------------------
 runtime: 0.514194 s
------------------------------------
------------------------------------
 runtime: 0.522995 s
------------------------------------
------------------------------------
 runtime: 0.575874 s
------------------------------------
Processor 52
------------------------------------
 runtime: 0.440887 s
------------------------------------
------------------------------------
 runtime: 0.327833 s
------------------------------------
------------------------------------
 runtime: 0.340134 s
------------------------------------
------------------------------------
 runtime: 0.539953 s
------------------------------------
------------------------------------
 runtime: 0.400359 s
------------------------------------
Processor 53
------------------------------------
 runtime: 0.279174 s
------------------------------------
------------------------------------
 runtime: 0.385265 s
------------------------------------
------------------------------------
 runtime: 0.407941 s
------------------------------------
------------------------------------
 runtime: 0.368006 s
------------------------------------
------------------------------------
 runtime: 0.657087 s
------------------------------------
Processor 54
------------------------------------
 runtime: 0.587532 s
------------------------------------
------------------------------------
 runtime: 0.440424 s
------------------------------------
------------------------------------
 runtime: 0.455246 s
------------------------------------
------------------------------------
 runtime: 0.616055 s
------------------------------------
------------------------------------
 runtime: 0.428879 s
------------------------------------
Processor 55
------------------------------------
 runtime: 0.423208 s
------------------------------------
------------------------------------
 runtime: 0.413665 s
------------------------------------
------------------------------------
 runtime: 0.384586 s
------------------------------------
------------------------------------
 runtime: 0.457646 s
------------------------------------
------------------------------------
 runtime: 0.389440 s
------------------------------------
Processor 56
------------------------------------
 runtime: 0.572473 s
------------------------------------
------------------------------------
 runtime: 0.631436 s
------------------------------------
------------------------------------
 runtime: 0.588539 s
------------------------------------
------------------------------------
 runtime: 0.459752 s
------------------------------------
------------------------------------
 runtime: 0.467697 s
------------------------------------
