Running on host compute086.bc4.acrc.priv
Time is Sun Dec 15 10:40:10 GMT 2019
Directory is /mnt/storage/home/fh19804/Stencil/MPI
Slurm job ID is 2917195

This job runs on the following machines:
compute[086-087]

------------------------------------
 runtime of the initilize: 0.087976 s
------------------------------------
With 2 processes
------------------------------------
 runtime: 5.630742 s
------------------------------------
With 2 processes
------------------------------------
 runtime of the initilize: 0.044843 s
------------------------------------
With 4 processes
------------------------------------
 runtime: 2.961989 s
------------------------------------
With 4 processes
------------------------------------
 runtime of the initilize: 0.022785 s
------------------------------------
With 8 processes
------------------------------------
 runtime: 1.726659 s
------------------------------------
With 8 processes
------------------------------------
 runtime of the initilize: 0.013112 s
------------------------------------
With 16 processes
------------------------------------
 runtime: 1.372491 s
------------------------------------
With 16 processes
