Running on host compute084.bc4.acrc.priv
Time is Sun Dec 15 22:23:07 GMT 2019
Directory is /mnt/storage/home/fh19804/Stencil/MPI
Slurm job ID is 2917972

This job runs on the following machines:
compute[084,086]

processor_1
------------------------------------
 runtime: 11.413768 s
------------------------------------
------------------------------------
 runtime: 11.375018 s
------------------------------------
------------------------------------
 runtime: 11.451347 s
------------------------------------
------------------------------------
 runtime: 12.637536 s
------------------------------------
------------------------------------
 runtime: 12.141564 s
------------------------------------
processor_2
------------------------------------
 runtime: 5.763067 s
------------------------------------
With 2 processes
------------------------------------
 runtime: 5.746066 s
------------------------------------
With 2 processes
------------------------------------
 runtime: 5.772596 s
------------------------------------
With 2 processes
------------------------------------
 runtime: 5.758270 s
------------------------------------
With 2 processes
------------------------------------
 runtime: 5.622942 s
------------------------------------
With 2 processes
processor_3
------------------------------------
 runtime: 4.033742 s
------------------------------------
With 3 processes
------------------------------------
 runtime: 3.982986 s
------------------------------------
With 3 processes
------------------------------------
 runtime: 4.166357 s
------------------------------------
With 3 processes
------------------------------------
 runtime: 3.987752 s
------------------------------------
With 3 processes
------------------------------------
 runtime: 3.996779 s
------------------------------------
With 3 processes
processor_4
------------------------------------
 runtime: 2.987832 s
------------------------------------
With 4 processes
------------------------------------
 runtime: 2.991797 s
------------------------------------
With 4 processes
------------------------------------
 runtime: 3.012101 s
------------------------------------
With 4 processes
------------------------------------
 runtime: 3.018964 s
------------------------------------
With 4 processes
------------------------------------
 runtime: 2.996221 s
------------------------------------
With 4 processes
processor_5
------------------------------------
 runtime: 2.546457 s
------------------------------------
With 5 processes
------------------------------------
 runtime: 2.585409 s
------------------------------------
With 5 processes
------------------------------------
 runtime: 2.538769 s
------------------------------------
With 5 processes
------------------------------------
 runtime: 2.525703 s
------------------------------------
With 5 processes
------------------------------------
 runtime: 2.530505 s
------------------------------------
With 5 processes
processor_6
------------------------------------
 runtime: 2.126202 s
------------------------------------
With 6 processes
------------------------------------
 runtime: 2.219109 s
------------------------------------
With 6 processes
------------------------------------
 runtime: 2.144271 s
------------------------------------
With 6 processes
------------------------------------
 runtime: 2.198312 s
------------------------------------
With 6 processes
------------------------------------
 runtime: 2.073689 s
------------------------------------
With 6 processes
processor_7
------------------------------------
 runtime: 2.188416 s
------------------------------------
With 7 processes
------------------------------------
 runtime: 2.039297 s
------------------------------------
With 7 processes
------------------------------------
 runtime: 2.095450 s
------------------------------------
With 7 processes
------------------------------------
 runtime: 1.963294 s
------------------------------------
With 7 processes
------------------------------------
 runtime: 2.030985 s
------------------------------------
With 7 processes
processor_8
------------------------------------
 runtime: 1.733541 s
------------------------------------
With 8 processes
------------------------------------
 runtime: 1.758820 s
------------------------------------
With 8 processes
------------------------------------
 runtime: 1.749087 s
------------------------------------
With 8 processes
------------------------------------
 runtime: 1.733694 s
------------------------------------
With 8 processes
------------------------------------
 runtime: 1.738624 s
------------------------------------
With 8 processes
processor_9
------------------------------------
 runtime: 1.772239 s
------------------------------------
With 9 processes
------------------------------------
 runtime: 1.706254 s
------------------------------------
With 9 processes
------------------------------------
 runtime: 1.749393 s
------------------------------------
With 9 processes
------------------------------------
 runtime: 1.727559 s
------------------------------------
With 9 processes
------------------------------------
 runtime: 1.740575 s
------------------------------------
With 9 processes
processor_10
------------------------------------
 runtime: 1.655586 s
------------------------------------
With 10 processes
------------------------------------
 runtime: 1.601027 s
------------------------------------
With 10 processes
------------------------------------
 runtime: 1.548624 s
------------------------------------
With 10 processes
------------------------------------
 runtime: 1.553052 s
------------------------------------
With 10 processes
------------------------------------
 runtime: 1.579664 s
------------------------------------
With 10 processes
processor_11
------------------------------------
 runtime: 1.569040 s
------------------------------------
With 11 processes
------------------------------------
 runtime: 1.548620 s
------------------------------------
With 11 processes
------------------------------------
 runtime: 1.597452 s
------------------------------------
With 11 processes
------------------------------------
 runtime: 1.443184 s
------------------------------------
With 11 processes
------------------------------------
 runtime: 1.630660 s
------------------------------------
With 11 processes
processor_12
------------------------------------
 runtime: 1.462777 s
------------------------------------
With 12 processes
------------------------------------
 runtime: 1.464502 s
------------------------------------
With 12 processes
------------------------------------
 runtime: 1.460341 s
------------------------------------
With 12 processes
------------------------------------
 runtime: 1.467694 s
------------------------------------
With 12 processes
------------------------------------
 runtime: 1.456594 s
------------------------------------
With 12 processes
processor_13
------------------------------------
 runtime: 1.493767 s
------------------------------------
With 13 processes
------------------------------------
 runtime: 1.479935 s
------------------------------------
With 13 processes
------------------------------------
 runtime: 2.883183 s
------------------------------------
With 13 processes
------------------------------------
 runtime: 1.485618 s
------------------------------------
With 13 processes
------------------------------------
 runtime: 1.498394 s
------------------------------------
With 13 processes
processor_14
------------------------------------
 runtime: 1.376297 s
------------------------------------
With 14 processes
------------------------------------
 runtime: 1.378564 s
------------------------------------
With 14 processes
------------------------------------
 runtime: 1.391492 s
------------------------------------
With 14 processes
------------------------------------
 runtime: 1.380511 s
------------------------------------
With 14 processes
------------------------------------
 runtime: 1.386900 s
------------------------------------
With 14 processes
processor_15
------------------------------------
 runtime: 1.354577 s
------------------------------------
With 15 processes
------------------------------------
 runtime: 1.473367 s
------------------------------------
With 15 processes
------------------------------------
 runtime: 1.276444 s
------------------------------------
With 15 processes
------------------------------------
 runtime: 1.385397 s
------------------------------------
With 15 processes
------------------------------------
 runtime: 1.440637 s
------------------------------------
With 15 processes
processor_16
------------------------------------
 runtime: 1.359988 s
------------------------------------
With 16 processes
------------------------------------
 runtime: 1.366125 s
------------------------------------
With 16 processes
------------------------------------
 runtime: 1.362780 s
------------------------------------
With 16 processes
------------------------------------
 runtime: 1.243072 s
------------------------------------
With 16 processes
------------------------------------
 runtime: 1.362629 s
------------------------------------
With 16 processes
processor_17
------------------------------------
 runtime: 1.422772 s
------------------------------------
With 17 processes
------------------------------------
 runtime: 1.399786 s
------------------------------------
With 17 processes
------------------------------------
 runtime: 1.296964 s
------------------------------------
With 17 processes
------------------------------------
 runtime: 1.389181 s
------------------------------------
With 17 processes
------------------------------------
 runtime: 1.256437 s
------------------------------------
With 17 processes
processor_18
------------------------------------
 runtime: 1.302437 s
------------------------------------
With 18 processes
------------------------------------
 runtime: 1.289934 s
------------------------------------
With 18 processes
------------------------------------
 runtime: 1.330482 s
------------------------------------
With 18 processes
------------------------------------
 runtime: 1.341686 s
------------------------------------
With 18 processes
------------------------------------
 runtime: 1.406429 s
------------------------------------
With 18 processes
processor_19
------------------------------------
 runtime: 1.100964 s
------------------------------------
With 19 processes
------------------------------------
 runtime: 1.159193 s
------------------------------------
With 19 processes
------------------------------------
 runtime: 1.290660 s
------------------------------------
With 19 processes
------------------------------------
 runtime: 1.281398 s
------------------------------------
With 19 processes
------------------------------------
 runtime: 1.247290 s
------------------------------------
With 19 processes
processor_20
------------------------------------
 runtime: 1.301684 s
------------------------------------
With 20 processes
------------------------------------
 runtime: 1.344564 s
------------------------------------
With 20 processes
------------------------------------
 runtime: 1.298578 s
------------------------------------
With 20 processes
------------------------------------
 runtime: 1.297284 s
------------------------------------
With 20 processes
------------------------------------
 runtime: 1.308653 s
------------------------------------
With 20 processes
processor_21
------------------------------------
 runtime: 1.285815 s
------------------------------------
With 21 processes
------------------------------------
 runtime: 1.378999 s
------------------------------------
With 21 processes
------------------------------------
 runtime: 1.254789 s
------------------------------------
With 21 processes
------------------------------------
 runtime: 1.412836 s
------------------------------------
With 21 processes
------------------------------------
 runtime: 1.384345 s
------------------------------------
With 21 processes
processor_22
------------------------------------
 runtime: 1.318982 s
------------------------------------
With 22 processes
------------------------------------
 runtime: 1.308144 s
------------------------------------
With 22 processes
------------------------------------
 runtime: 1.315719 s
------------------------------------
With 22 processes
------------------------------------
 runtime: 1.310941 s
------------------------------------
With 22 processes
------------------------------------
 runtime: 1.266666 s
------------------------------------
With 22 processes
processor_23
------------------------------------
 runtime: 1.252611 s
------------------------------------
With 23 processes
------------------------------------
 runtime: 1.272038 s
------------------------------------
With 23 processes
------------------------------------
 runtime: 1.236411 s
------------------------------------
With 23 processes
------------------------------------
 runtime: 1.123918 s
------------------------------------
With 23 processes
------------------------------------
 runtime: 1.420647 s
------------------------------------
With 23 processes
processor_24
------------------------------------
 runtime: 1.280560 s
------------------------------------
With 24 processes
------------------------------------
 runtime: 1.333834 s
------------------------------------
With 24 processes
------------------------------------
 runtime: 1.353109 s
------------------------------------
With 24 processes
------------------------------------
 runtime: 1.358790 s
------------------------------------
With 24 processes
------------------------------------
 runtime: 1.319396 s
------------------------------------
With 24 processes
processor_25
------------------------------------
 runtime: 1.369375 s
------------------------------------
With 25 processes
------------------------------------
 runtime: 1.197211 s
------------------------------------
With 25 processes
------------------------------------
 runtime: 1.086030 s
------------------------------------
With 25 processes
------------------------------------
 runtime: 1.196968 s
------------------------------------
With 25 processes
------------------------------------
 runtime: 1.368527 s
------------------------------------
With 25 processes
processor_26
------------------------------------
 runtime: 1.351426 s
------------------------------------
With 26 processes
------------------------------------
 runtime: 1.250660 s
------------------------------------
With 26 processes
------------------------------------
 runtime: 1.283933 s
------------------------------------
With 26 processes
------------------------------------
 runtime: 1.310131 s
------------------------------------
With 26 processes
------------------------------------
 runtime: 1.184369 s
------------------------------------
With 26 processes
processor_27
------------------------------------
 runtime: 1.238536 s
------------------------------------
With 27 processes
------------------------------------
 runtime: 1.423395 s
------------------------------------
With 27 processes
------------------------------------
 runtime: 1.343624 s
------------------------------------
With 27 processes
------------------------------------
 runtime: 1.330839 s
------------------------------------
With 27 processes
------------------------------------
 runtime: 1.369967 s
------------------------------------
With 27 processes
processor_28
------------------------------------
 runtime: 1.374579 s
------------------------------------
With 28 processes
------------------------------------
 runtime: 1.329287 s
------------------------------------
With 28 processes
------------------------------------
 runtime: 1.301002 s
------------------------------------
With 28 processes
------------------------------------
 runtime: 1.449479 s
------------------------------------
With 28 processes
------------------------------------
 runtime: 1.219236 s
------------------------------------
With 28 processes
processor_29
------------------------------------
 runtime: 1.192523 s
------------------------------------
With 29 processes
------------------------------------
 runtime: 1.658251 s
------------------------------------
With 29 processes
------------------------------------
 runtime: 1.622504 s
------------------------------------
With 29 processes
------------------------------------
 runtime: 1.403990 s
------------------------------------
With 29 processes
------------------------------------
 runtime: 1.511225 s
------------------------------------
With 29 processes
processor_30
------------------------------------
 runtime: 1.367238 s
------------------------------------
With 30 processes
------------------------------------
 runtime: 1.266604 s
------------------------------------
With 30 processes
------------------------------------
 runtime: 1.223928 s
------------------------------------
With 30 processes
------------------------------------
 runtime: 1.227810 s
------------------------------------
With 30 processes
------------------------------------
 runtime: 1.211488 s
------------------------------------
With 30 processes
processor_31
------------------------------------
 runtime: 1.171730 s
------------------------------------
With 31 processes
------------------------------------
 runtime: 1.114260 s
------------------------------------
With 31 processes
------------------------------------
 runtime: 1.062585 s
------------------------------------
With 31 processes
------------------------------------
 runtime: 1.071921 s
------------------------------------
With 31 processes
------------------------------------
 runtime: 1.178031 s
------------------------------------
With 31 processes
processor_32
------------------------------------
 runtime: 1.498986 s
------------------------------------
With 32 processes
------------------------------------
 runtime: 1.177985 s
------------------------------------
With 32 processes
------------------------------------
 runtime: 1.493541 s
------------------------------------
With 32 processes
------------------------------------
 runtime: 1.036332 s
------------------------------------
With 32 processes
------------------------------------
 runtime: 1.457653 s
------------------------------------
With 32 processes
processor_33
------------------------------------
 runtime: 1.082914 s
------------------------------------
With 33 processes
------------------------------------
 runtime: 0.984489 s
------------------------------------
With 33 processes
------------------------------------
 runtime: 0.915163 s
------------------------------------
With 33 processes
------------------------------------
 runtime: 1.035848 s
------------------------------------
With 33 processes
------------------------------------
 runtime: 1.333231 s
------------------------------------
With 33 processes
processor_34
------------------------------------
 runtime: 1.048761 s
------------------------------------
With 34 processes
------------------------------------
 runtime: 1.159980 s
------------------------------------
With 34 processes
------------------------------------
 runtime: 1.131194 s
------------------------------------
With 34 processes
------------------------------------
 runtime: 1.206144 s
------------------------------------
With 34 processes
------------------------------------
 runtime: 1.414032 s
------------------------------------
With 34 processes
processor_35
------------------------------------
 runtime: 1.099187 s
------------------------------------
With 35 processes
------------------------------------
 runtime: 1.549872 s
------------------------------------
With 35 processes
------------------------------------
 runtime: 1.179955 s
------------------------------------
With 35 processes
------------------------------------
 runtime: 1.062017 s
------------------------------------
With 35 processes
------------------------------------
 runtime: 1.358207 s
------------------------------------
With 35 processes
processor_36
------------------------------------
 runtime: 1.080808 s
------------------------------------
With 36 processes
------------------------------------
 runtime: 0.990397 s
------------------------------------
With 36 processes
------------------------------------
 runtime: 1.155108 s
------------------------------------
With 36 processes
------------------------------------
 runtime: 1.309071 s
------------------------------------
With 36 processes
------------------------------------
 runtime: 1.063243 s
------------------------------------
With 36 processes
processor_37
------------------------------------
 runtime: 2.125587 s
------------------------------------
With 37 processes
------------------------------------
 runtime: 0.989546 s
------------------------------------
With 37 processes
------------------------------------
 runtime: 0.978123 s
------------------------------------
With 37 processes
------------------------------------
 runtime: 1.133842 s
------------------------------------
With 37 processes
------------------------------------
 runtime: 0.978456 s
------------------------------------
With 37 processes
processor_38
------------------------------------
 runtime: 1.126611 s
------------------------------------
With 38 processes
------------------------------------
 runtime: 1.021972 s
------------------------------------
With 38 processes
------------------------------------
 runtime: 1.076042 s
------------------------------------
With 38 processes
------------------------------------
 runtime: 1.064487 s
------------------------------------
With 38 processes
------------------------------------
 runtime: 1.115266 s
------------------------------------
With 38 processes
processor_39
------------------------------------
 runtime: 1.006648 s
------------------------------------
With 39 processes
------------------------------------
 runtime: 1.098260 s
------------------------------------
With 39 processes
------------------------------------
 runtime: 0.968870 s
------------------------------------
With 39 processes
------------------------------------
 runtime: 1.555181 s
------------------------------------
With 39 processes
------------------------------------
 runtime: 1.122013 s
------------------------------------
With 39 processes
processor_40
------------------------------------
 runtime: 0.863151 s
------------------------------------
With 40 processes
------------------------------------
 runtime: 0.976835 s
------------------------------------
With 40 processes
------------------------------------
 runtime: 1.080800 s
------------------------------------
With 40 processes
------------------------------------
 runtime: 1.009535 s
------------------------------------
With 40 processes
------------------------------------
 runtime: 1.079978 s
------------------------------------
With 40 processes
processor_41
------------------------------------
 runtime: 0.954732 s
------------------------------------
With 41 processes
------------------------------------
 runtime: 1.030387 s
------------------------------------
With 41 processes
------------------------------------
 runtime: 1.040004 s
------------------------------------
With 41 processes
------------------------------------
 runtime: 0.990754 s
------------------------------------
With 41 processes
------------------------------------
 runtime: 0.873181 s
------------------------------------
With 41 processes
processor_42
------------------------------------
 runtime: 1.324035 s
------------------------------------
With 42 processes
------------------------------------
 runtime: 0.903330 s
------------------------------------
With 42 processes
------------------------------------
 runtime: 1.245084 s
------------------------------------
With 42 processes
------------------------------------
 runtime: 0.999618 s
------------------------------------
With 42 processes
------------------------------------
 runtime: 0.972454 s
------------------------------------
With 42 processes
processor_43
------------------------------------
 runtime: 1.047582 s
------------------------------------
With 43 processes
------------------------------------
 runtime: 0.926873 s
------------------------------------
With 43 processes
------------------------------------
 runtime: 0.944700 s
------------------------------------
With 43 processes
------------------------------------
 runtime: 0.970060 s
------------------------------------
With 43 processes
------------------------------------
 runtime: 1.096733 s
------------------------------------
With 43 processes
processor_44
------------------------------------
 runtime: 1.062756 s
------------------------------------
With 44 processes
------------------------------------
 runtime: 1.536612 s
------------------------------------
With 44 processes
------------------------------------
 runtime: 0.887053 s
------------------------------------
With 44 processes
------------------------------------
 runtime: 1.129073 s
------------------------------------
With 44 processes
------------------------------------
 runtime: 0.930484 s
------------------------------------
With 44 processes
processor_45
------------------------------------
 runtime: 1.152558 s
------------------------------------
With 45 processes
------------------------------------
 runtime: 0.997888 s
------------------------------------
With 45 processes
------------------------------------
 runtime: 0.988877 s
------------------------------------
With 45 processes
------------------------------------
 runtime: 1.056662 s
------------------------------------
With 45 processes
------------------------------------
 runtime: 0.965390 s
------------------------------------
With 45 processes
processor_46
------------------------------------
 runtime: 0.942411 s
------------------------------------
With 46 processes
------------------------------------
 runtime: 1.099978 s
------------------------------------
With 46 processes
------------------------------------
 runtime: 0.934075 s
------------------------------------
With 46 processes
------------------------------------
 runtime: 0.930433 s
------------------------------------
With 46 processes
------------------------------------
 runtime: 0.969753 s
------------------------------------
With 46 processes
processor_47
------------------------------------
 runtime: 1.035011 s
------------------------------------
With 47 processes
------------------------------------
 runtime: 0.934499 s
------------------------------------
With 47 processes
------------------------------------
 runtime: 1.000816 s
------------------------------------
With 47 processes
------------------------------------
 runtime: 0.954325 s
------------------------------------
With 47 processes
------------------------------------
 runtime: 0.903578 s
------------------------------------
With 47 processes
processor_48
------------------------------------
 runtime: 0.979406 s
------------------------------------
With 48 processes
------------------------------------
 runtime: 1.049092 s
------------------------------------
With 48 processes
------------------------------------
 runtime: 0.914540 s
------------------------------------
With 48 processes
------------------------------------
 runtime: 0.999375 s
------------------------------------
With 48 processes
------------------------------------
 runtime: 1.005863 s
------------------------------------
With 48 processes
processor_49
------------------------------------
 runtime: 0.994371 s
------------------------------------
With 49 processes
------------------------------------
 runtime: 0.928919 s
------------------------------------
With 49 processes
------------------------------------
 runtime: 0.938061 s
------------------------------------
With 49 processes
------------------------------------
 runtime: 0.947282 s
------------------------------------
With 49 processes
------------------------------------
 runtime: 1.003081 s
------------------------------------
With 49 processes
processor_50
------------------------------------
 runtime: 0.930434 s
------------------------------------
With 50 processes
------------------------------------
 runtime: 0.941065 s
------------------------------------
With 50 processes
------------------------------------
 runtime: 0.920119 s
------------------------------------
With 50 processes
------------------------------------
 runtime: 0.986335 s
------------------------------------
With 50 processes
------------------------------------
 runtime: 0.989587 s
------------------------------------
With 50 processes
processor_51
------------------------------------
 runtime: 0.915670 s
------------------------------------
With 51 processes
------------------------------------
 runtime: 0.935703 s
------------------------------------
With 51 processes
------------------------------------
 runtime: 0.907601 s
------------------------------------
With 51 processes
------------------------------------
 runtime: 0.925687 s
------------------------------------
With 51 processes
------------------------------------
 runtime: 0.948960 s
------------------------------------
With 51 processes
processor_52
------------------------------------
 runtime: 0.970316 s
------------------------------------
With 52 processes
------------------------------------
 runtime: 0.960488 s
------------------------------------
With 52 processes
------------------------------------
 runtime: 0.988868 s
------------------------------------
With 52 processes
------------------------------------
 runtime: 1.021541 s
------------------------------------
With 52 processes
------------------------------------
 runtime: 1.055910 s
------------------------------------
With 52 processes
processor_53
------------------------------------
 runtime: 1.029068 s
------------------------------------
With 53 processes
------------------------------------
 runtime: 0.916165 s
------------------------------------
With 53 processes
------------------------------------
 runtime: 0.991534 s
------------------------------------
With 53 processes
------------------------------------
 runtime: 1.051709 s
------------------------------------
With 53 processes
------------------------------------
 runtime: 0.981267 s
------------------------------------
With 53 processes
processor_54
------------------------------------
 runtime: 0.933807 s
------------------------------------
With 54 processes
------------------------------------
 runtime: 1.045339 s
------------------------------------
With 54 processes
------------------------------------
 runtime: 0.933002 s
------------------------------------
With 54 processes
------------------------------------
 runtime: 0.931788 s
------------------------------------
With 54 processes
------------------------------------
 runtime: 0.964067 s
------------------------------------
With 54 processes
processor_55
------------------------------------
 runtime: 1.016286 s
------------------------------------
With 55 processes
------------------------------------
 runtime: 0.957677 s
------------------------------------
With 55 processes
------------------------------------
 runtime: 0.999625 s
------------------------------------
With 55 processes
------------------------------------
 runtime: 0.928384 s
------------------------------------
With 55 processes
------------------------------------
 runtime: 0.953767 s
------------------------------------
With 55 processes
processor_56
------------------------------------
 runtime: 0.937604 s
------------------------------------
With 56 processes
------------------------------------
 runtime: 0.958695 s
------------------------------------
With 56 processes
------------------------------------
 runtime: 0.980036 s
------------------------------------
With 56 processes
------------------------------------
 runtime: 0.924442 s
------------------------------------
With 56 processes
------------------------------------
 runtime: 0.982325 s
------------------------------------
With 56 processes
