Running on host compute086.bc4.acrc.priv
Time is Sun Dec 15 21:54:42 GMT 2019
Directory is /mnt/storage/home/fh19804/Stencil/MPI
Slurm job ID is 2917944

This job runs on the following machines:
compute[086-087]

processor_1
------------------------------------
 runtime: 3.112100 s
------------------------------------
------------------------------------
 runtime: 3.113251 s
------------------------------------
------------------------------------
 runtime: 3.114830 s
------------------------------------
------------------------------------
 runtime: 3.092004 s
------------------------------------
------------------------------------
 runtime: 3.101917 s
------------------------------------
processor_2
------------------------------------
 runtime: 1.586326 s
------------------------------------
With 2 processes
------------------------------------
 runtime: 1.586242 s
------------------------------------
With 2 processes
------------------------------------
 runtime: 1.595884 s
------------------------------------
With 2 processes
------------------------------------
 runtime: 1.610145 s
------------------------------------
With 2 processes
------------------------------------
 runtime: 1.580676 s
------------------------------------
With 2 processes
processor_3
------------------------------------
 runtime: 1.108995 s
------------------------------------
With 3 processes
------------------------------------
 runtime: 0.973974 s
------------------------------------
With 3 processes
------------------------------------
 runtime: 0.976925 s
------------------------------------
With 3 processes
------------------------------------
 runtime: 1.110330 s
------------------------------------
With 3 processes
------------------------------------
 runtime: 1.140010 s
------------------------------------
With 3 processes
processor_4
------------------------------------
 runtime: 0.840811 s
------------------------------------
With 4 processes
------------------------------------
 runtime: 0.837610 s
------------------------------------
With 4 processes
------------------------------------
 runtime: 0.620273 s
------------------------------------
With 4 processes
------------------------------------
 runtime: 0.630271 s
------------------------------------
With 4 processes
------------------------------------
 runtime: 0.621321 s
------------------------------------
With 4 processes
processor_5
------------------------------------
 runtime: 0.662643 s
------------------------------------
With 5 processes
------------------------------------
 runtime: 0.639109 s
------------------------------------
With 5 processes
------------------------------------
 runtime: 0.659287 s
------------------------------------
With 5 processes
------------------------------------
 runtime: 0.653459 s
------------------------------------
With 5 processes
------------------------------------
 runtime: 0.657316 s
------------------------------------
With 5 processes
processor_6
------------------------------------
 runtime: 0.515621 s
------------------------------------
With 6 processes
------------------------------------
 runtime: 0.511379 s
------------------------------------
With 6 processes
------------------------------------
 runtime: 0.522322 s
------------------------------------
With 6 processes
------------------------------------
 runtime: 0.501108 s
------------------------------------
With 6 processes
------------------------------------
 runtime: 0.649971 s
------------------------------------
With 6 processes
processor_7
------------------------------------
 runtime: 0.916224 s
------------------------------------
With 7 processes
------------------------------------
 runtime: 0.549890 s
------------------------------------
With 7 processes
------------------------------------
 runtime: 0.559034 s
------------------------------------
With 7 processes
------------------------------------
 runtime: 0.565852 s
------------------------------------
With 7 processes
------------------------------------
 runtime: 0.541202 s
------------------------------------
With 7 processes
processor_8
------------------------------------
 runtime: 0.460729 s
------------------------------------
With 8 processes
------------------------------------
 runtime: 0.472223 s
------------------------------------
With 8 processes
------------------------------------
 runtime: 0.410690 s
------------------------------------
With 8 processes
------------------------------------
 runtime: 0.410038 s
------------------------------------
With 8 processes
------------------------------------
 runtime: 0.455201 s
------------------------------------
With 8 processes
processor_9
------------------------------------
 runtime: 0.511827 s
------------------------------------
With 9 processes
------------------------------------
 runtime: 0.353961 s
------------------------------------
With 9 processes
------------------------------------
 runtime: 0.463666 s
------------------------------------
With 9 processes
------------------------------------
 runtime: 0.489783 s
------------------------------------
With 9 processes
------------------------------------
 runtime: 0.486695 s
------------------------------------
With 9 processes
processor_10
------------------------------------
 runtime: 0.446447 s
------------------------------------
With 10 processes
------------------------------------
 runtime: 0.462239 s
------------------------------------
With 10 processes
------------------------------------
 runtime: 0.443092 s
------------------------------------
With 10 processes
------------------------------------
 runtime: 0.442753 s
------------------------------------
With 10 processes
------------------------------------
 runtime: 0.457073 s
------------------------------------
With 10 processes
processor_11
------------------------------------
 runtime: 0.443468 s
------------------------------------
With 11 processes
------------------------------------
 runtime: 0.435256 s
------------------------------------
With 11 processes
------------------------------------
 runtime: 0.437621 s
------------------------------------
With 11 processes
------------------------------------
 runtime: 0.449486 s
------------------------------------
With 11 processes
------------------------------------
 runtime: 0.438190 s
------------------------------------
With 11 processes
processor_12
------------------------------------
 runtime: 0.399465 s
------------------------------------
With 12 processes
------------------------------------
 runtime: 0.395982 s
------------------------------------
With 12 processes
------------------------------------
 runtime: 0.402758 s
------------------------------------
With 12 processes
------------------------------------
 runtime: 0.416243 s
------------------------------------
With 12 processes
------------------------------------
 runtime: 0.400092 s
------------------------------------
With 12 processes
processor_13
------------------------------------
 runtime: 0.426106 s
------------------------------------
With 13 processes
------------------------------------
 runtime: 0.418407 s
------------------------------------
With 13 processes
------------------------------------
 runtime: 0.417918 s
------------------------------------
With 13 processes
------------------------------------
 runtime: 0.411682 s
------------------------------------
With 13 processes
------------------------------------
 runtime: 0.421781 s
------------------------------------
With 13 processes
processor_14
------------------------------------
 runtime: 0.400502 s
------------------------------------
With 14 processes
------------------------------------
 runtime: 0.392757 s
------------------------------------
With 14 processes
------------------------------------
 runtime: 0.391946 s
------------------------------------
With 14 processes
------------------------------------
 runtime: 0.399923 s
------------------------------------
With 14 processes
------------------------------------
 runtime: 0.395302 s
------------------------------------
With 14 processes
processor_15
------------------------------------
 runtime: 0.415785 s
------------------------------------
With 15 processes
------------------------------------
 runtime: 0.409329 s
------------------------------------
With 15 processes
------------------------------------
 runtime: 0.408352 s
------------------------------------
With 15 processes
------------------------------------
 runtime: 0.406345 s
------------------------------------
With 15 processes
------------------------------------
 runtime: 0.406082 s
------------------------------------
With 15 processes
processor_16
------------------------------------
 runtime: 0.383963 s
------------------------------------
With 16 processes
------------------------------------
 runtime: 0.376111 s
------------------------------------
With 16 processes
------------------------------------
 runtime: 0.381835 s
------------------------------------
With 16 processes
------------------------------------
 runtime: 0.382050 s
------------------------------------
With 16 processes
------------------------------------
 runtime: 0.382056 s
------------------------------------
With 16 processes
processor_17
------------------------------------
 runtime: 0.398277 s
------------------------------------
With 17 processes
------------------------------------
 runtime: 0.417583 s
------------------------------------
With 17 processes
------------------------------------
 runtime: 0.395779 s
------------------------------------
With 17 processes
------------------------------------
 runtime: 0.398517 s
------------------------------------
With 17 processes
------------------------------------
 runtime: 0.397678 s
------------------------------------
With 17 processes
processor_18
------------------------------------
 runtime: 0.383669 s
------------------------------------
With 18 processes
------------------------------------
 runtime: 0.383132 s
------------------------------------
With 18 processes
------------------------------------
 runtime: 0.389171 s
------------------------------------
With 18 processes
------------------------------------
 runtime: 0.385894 s
------------------------------------
With 18 processes
------------------------------------
 runtime: 0.373543 s
------------------------------------
With 18 processes
processor_19
------------------------------------
 runtime: 0.389046 s
------------------------------------
With 19 processes
------------------------------------
 runtime: 0.386055 s
------------------------------------
With 19 processes
------------------------------------
 runtime: 0.388097 s
------------------------------------
With 19 processes
------------------------------------
 runtime: 0.392657 s
------------------------------------
With 19 processes
------------------------------------
 runtime: 0.393584 s
------------------------------------
With 19 processes
processor_20
------------------------------------
 runtime: 0.377914 s
------------------------------------
With 20 processes
------------------------------------
 runtime: 0.353222 s
------------------------------------
With 20 processes
------------------------------------
 runtime: 0.386315 s
------------------------------------
With 20 processes
------------------------------------
 runtime: 0.366963 s
------------------------------------
With 20 processes
------------------------------------
 runtime: 0.366785 s
------------------------------------
With 20 processes
processor_21
------------------------------------
 runtime: 0.357952 s
------------------------------------
With 21 processes
------------------------------------
 runtime: 0.430855 s
------------------------------------
With 21 processes
------------------------------------
 runtime: 0.382226 s
------------------------------------
With 21 processes
------------------------------------
 runtime: 0.364428 s
------------------------------------
With 21 processes
------------------------------------
 runtime: 0.366610 s
------------------------------------
With 21 processes
processor_22
------------------------------------
 runtime: 0.318944 s
------------------------------------
With 22 processes
------------------------------------
 runtime: 0.359731 s
------------------------------------
With 22 processes
------------------------------------
 runtime: 0.345973 s
------------------------------------
With 22 processes
------------------------------------
 runtime: 0.361456 s
------------------------------------
With 22 processes
------------------------------------
 runtime: 0.352470 s
------------------------------------
With 22 processes
processor_23
------------------------------------
 runtime: 0.373024 s
------------------------------------
With 23 processes
------------------------------------
 runtime: 0.346542 s
------------------------------------
With 23 processes
------------------------------------
 runtime: 0.347782 s
------------------------------------
With 23 processes
------------------------------------
 runtime: 0.361953 s
------------------------------------
With 23 processes
------------------------------------
 runtime: 0.351200 s
------------------------------------
With 23 processes
processor_24
------------------------------------
 runtime: 0.369845 s
------------------------------------
With 24 processes
------------------------------------
 runtime: 0.359141 s
------------------------------------
With 24 processes
------------------------------------
 runtime: 0.363362 s
------------------------------------
With 24 processes
------------------------------------
 runtime: 0.362184 s
------------------------------------
With 24 processes
------------------------------------
 runtime: 0.351206 s
------------------------------------
With 24 processes
processor_25
------------------------------------
 runtime: 0.408072 s
------------------------------------
With 25 processes
------------------------------------
 runtime: 0.359587 s
------------------------------------
With 25 processes
------------------------------------
 runtime: 0.396058 s
------------------------------------
With 25 processes
------------------------------------
 runtime: 0.387165 s
------------------------------------
With 25 processes
------------------------------------
 runtime: 0.388893 s
------------------------------------
With 25 processes
processor_26
------------------------------------
 runtime: 0.329120 s
------------------------------------
With 26 processes
------------------------------------
 runtime: 0.385711 s
------------------------------------
With 26 processes
------------------------------------
 runtime: 0.374296 s
------------------------------------
With 26 processes
------------------------------------
 runtime: 0.373913 s
------------------------------------
With 26 processes
------------------------------------
 runtime: 0.404626 s
------------------------------------
With 26 processes
processor_27
------------------------------------
 runtime: 0.326650 s
------------------------------------
With 27 processes
------------------------------------
 runtime: 0.404404 s
------------------------------------
With 27 processes
------------------------------------
 runtime: 0.396169 s
------------------------------------
With 27 processes
------------------------------------
 runtime: 0.397823 s
------------------------------------
With 27 processes
------------------------------------
 runtime: 0.447567 s
------------------------------------
With 27 processes
processor_28
------------------------------------
 runtime: 0.371935 s
------------------------------------
With 28 processes
------------------------------------
 runtime: 0.370125 s
------------------------------------
With 28 processes
------------------------------------
 runtime: 0.382063 s
------------------------------------
With 28 processes
------------------------------------
 runtime: 0.354115 s
------------------------------------
With 28 processes
------------------------------------
 runtime: 0.384904 s
------------------------------------
With 28 processes
processor_29
------------------------------------
 runtime: 0.340016 s
------------------------------------
With 29 processes
------------------------------------
 runtime: 0.392250 s
------------------------------------
With 29 processes
------------------------------------
 runtime: 0.559594 s
------------------------------------
With 29 processes
------------------------------------
 runtime: 0.386165 s
------------------------------------
With 29 processes
------------------------------------
 runtime: 0.343300 s
------------------------------------
With 29 processes
processor_30
------------------------------------
 runtime: 0.294431 s
------------------------------------
With 30 processes
------------------------------------
 runtime: 0.445434 s
------------------------------------
With 30 processes
------------------------------------
 runtime: 0.366989 s
------------------------------------
With 30 processes
------------------------------------
 runtime: 0.305030 s
------------------------------------
With 30 processes
------------------------------------
 runtime: 0.317223 s
------------------------------------
With 30 processes
processor_31
------------------------------------
 runtime: 0.295956 s
------------------------------------
With 31 processes
------------------------------------
 runtime: 0.351454 s
------------------------------------
With 31 processes
------------------------------------
 runtime: 0.429853 s
------------------------------------
With 31 processes
------------------------------------
 runtime: 0.359561 s
------------------------------------
With 31 processes
------------------------------------
 runtime: 0.340474 s
------------------------------------
With 31 processes
processor_32
------------------------------------
 runtime: 0.325564 s
------------------------------------
With 32 processes
------------------------------------
 runtime: 0.408521 s
------------------------------------
With 32 processes
------------------------------------
 runtime: 0.296954 s
------------------------------------
With 32 processes
------------------------------------
 runtime: 0.204826 s
------------------------------------
With 32 processes
------------------------------------
 runtime: 0.266827 s
------------------------------------
With 32 processes
processor_33
------------------------------------
 runtime: 0.271407 s
------------------------------------
With 33 processes
------------------------------------
 runtime: 0.370071 s
------------------------------------
With 33 processes
------------------------------------
 runtime: 0.242451 s
------------------------------------
With 33 processes
------------------------------------
 runtime: 0.307625 s
------------------------------------
With 33 processes
------------------------------------
 runtime: 0.293901 s
------------------------------------
With 33 processes
processor_34
------------------------------------
 runtime: 0.415262 s
------------------------------------
With 34 processes
------------------------------------
 runtime: 0.357000 s
------------------------------------
With 34 processes
------------------------------------
 runtime: 0.259521 s
------------------------------------
With 34 processes
------------------------------------
 runtime: 0.359534 s
------------------------------------
With 34 processes
------------------------------------
 runtime: 0.291404 s
------------------------------------
With 34 processes
processor_35
------------------------------------
 runtime: 0.349574 s
------------------------------------
With 35 processes
------------------------------------
 runtime: 0.300564 s
------------------------------------
With 35 processes
------------------------------------
 runtime: 0.273355 s
------------------------------------
With 35 processes
------------------------------------
 runtime: 0.265740 s
------------------------------------
With 35 processes
------------------------------------
 runtime: 0.348066 s
------------------------------------
With 35 processes
processor_36
------------------------------------
 runtime: 0.293988 s
------------------------------------
With 36 processes
------------------------------------
 runtime: 0.298405 s
------------------------------------
With 36 processes
------------------------------------
 runtime: 0.250259 s
------------------------------------
With 36 processes
------------------------------------
 runtime: 0.270684 s
------------------------------------
With 36 processes
------------------------------------
 runtime: 0.344141 s
------------------------------------
With 36 processes
processor_37
------------------------------------
 runtime: 0.193321 s
------------------------------------
With 37 processes
------------------------------------
 runtime: 0.394784 s
------------------------------------
With 37 processes
------------------------------------
 runtime: 0.241903 s
------------------------------------
With 37 processes
------------------------------------
 runtime: 0.387481 s
------------------------------------
With 37 processes
------------------------------------
 runtime: 0.244748 s
------------------------------------
With 37 processes
processor_38
------------------------------------
 runtime: 0.228748 s
------------------------------------
With 38 processes
------------------------------------
 runtime: 0.289281 s
------------------------------------
With 38 processes
------------------------------------
 runtime: 0.212338 s
------------------------------------
With 38 processes
------------------------------------
 runtime: 0.271129 s
------------------------------------
With 38 processes
------------------------------------
 runtime: 0.262185 s
------------------------------------
With 38 processes
processor_39
------------------------------------
 runtime: 0.283908 s
------------------------------------
With 39 processes
------------------------------------
 runtime: 0.220810 s
------------------------------------
With 39 processes
------------------------------------
 runtime: 0.236835 s
------------------------------------
With 39 processes
------------------------------------
 runtime: 0.242799 s
------------------------------------
With 39 processes
------------------------------------
 runtime: 0.248917 s
------------------------------------
With 39 processes
processor_40
------------------------------------
 runtime: 0.225753 s
------------------------------------
With 40 processes
------------------------------------
 runtime: 0.238022 s
------------------------------------
With 40 processes
------------------------------------
 runtime: 0.278787 s
------------------------------------
With 40 processes
------------------------------------
 runtime: 0.205247 s
------------------------------------
With 40 processes
------------------------------------
 runtime: 0.266535 s
------------------------------------
With 40 processes
processor_41
------------------------------------
 runtime: 0.160905 s
------------------------------------
With 41 processes
------------------------------------
 runtime: 0.169691 s
------------------------------------
With 41 processes
------------------------------------
 runtime: 0.330439 s
------------------------------------
With 41 processes
------------------------------------
 runtime: 0.222851 s
------------------------------------
With 41 processes
------------------------------------
 runtime: 0.249866 s
------------------------------------
With 41 processes
processor_42
------------------------------------
 runtime: 0.209230 s
------------------------------------
With 42 processes
------------------------------------
 runtime: 0.224629 s
------------------------------------
With 42 processes
------------------------------------
 runtime: 0.228264 s
------------------------------------
With 42 processes
------------------------------------
 runtime: 0.231675 s
------------------------------------
With 42 processes
------------------------------------
 runtime: 0.176272 s
------------------------------------
With 42 processes
processor_43
------------------------------------
 runtime: 0.232216 s
------------------------------------
With 43 processes
------------------------------------
 runtime: 0.174291 s
------------------------------------
With 43 processes
------------------------------------
 runtime: 0.206592 s
------------------------------------
With 43 processes
------------------------------------
 runtime: 0.248291 s
------------------------------------
With 43 processes
------------------------------------
 runtime: 0.239201 s
------------------------------------
With 43 processes
processor_44
------------------------------------
 runtime: 0.237125 s
------------------------------------
With 44 processes
------------------------------------
 runtime: 0.194190 s
------------------------------------
With 44 processes
------------------------------------
 runtime: 0.163110 s
------------------------------------
With 44 processes
------------------------------------
 runtime: 0.223930 s
------------------------------------
With 44 processes
------------------------------------
 runtime: 0.235630 s
------------------------------------
With 44 processes
processor_45
------------------------------------
 runtime: 0.195481 s
------------------------------------
With 45 processes
------------------------------------
 runtime: 0.182109 s
------------------------------------
With 45 processes
------------------------------------
 runtime: 0.187844 s
------------------------------------
With 45 processes
------------------------------------
 runtime: 0.201063 s
------------------------------------
With 45 processes
------------------------------------
 runtime: 0.186499 s
------------------------------------
With 45 processes
processor_46
------------------------------------
 runtime: 0.171013 s
------------------------------------
With 46 processes
------------------------------------
 runtime: 0.184150 s
------------------------------------
With 46 processes
------------------------------------
 runtime: 0.189995 s
------------------------------------
With 46 processes
------------------------------------
 runtime: 0.177255 s
------------------------------------
With 46 processes
------------------------------------
 runtime: 0.198702 s
------------------------------------
With 46 processes
processor_47
------------------------------------
 runtime: 0.180701 s
------------------------------------
With 47 processes
------------------------------------
 runtime: 0.193796 s
------------------------------------
With 47 processes
------------------------------------
 runtime: 0.178388 s
------------------------------------
With 47 processes
------------------------------------
 runtime: 0.165383 s
------------------------------------
With 47 processes
------------------------------------
 runtime: 0.188408 s
------------------------------------
With 47 processes
processor_48
------------------------------------
 runtime: 0.162828 s
------------------------------------
With 48 processes
------------------------------------
 runtime: 0.186963 s
------------------------------------
With 48 processes
------------------------------------
 runtime: 0.169017 s
------------------------------------
With 48 processes
------------------------------------
 runtime: 0.183811 s
------------------------------------
With 48 processes
------------------------------------
 runtime: 0.181141 s
------------------------------------
With 48 processes
processor_49
------------------------------------
 runtime: 0.184679 s
------------------------------------
With 49 processes
------------------------------------
 runtime: 0.178005 s
------------------------------------
With 49 processes
------------------------------------
 runtime: 0.148797 s
------------------------------------
With 49 processes
------------------------------------
 runtime: 0.190045 s
------------------------------------
With 49 processes
------------------------------------
 runtime: 0.197515 s
------------------------------------
With 49 processes
processor_50
------------------------------------
 runtime: 0.160178 s
------------------------------------
With 50 processes
------------------------------------
 runtime: 0.146586 s
------------------------------------
With 50 processes
------------------------------------
 runtime: 0.173536 s
------------------------------------
With 50 processes
------------------------------------
 runtime: 0.184793 s
------------------------------------
With 50 processes
------------------------------------
 runtime: 0.155264 s
------------------------------------
With 50 processes
processor_51
------------------------------------
 runtime: 0.149810 s
------------------------------------
With 51 processes
------------------------------------
 runtime: 0.180639 s
------------------------------------
With 51 processes
------------------------------------
 runtime: 0.154473 s
------------------------------------
With 51 processes
------------------------------------
 runtime: 0.156201 s
------------------------------------
With 51 processes
------------------------------------
 runtime: 0.168170 s
------------------------------------
With 51 processes
processor_52
------------------------------------
 runtime: 0.178363 s
------------------------------------
With 52 processes
------------------------------------
 runtime: 0.161081 s
------------------------------------
With 52 processes
------------------------------------
 runtime: 0.193840 s
------------------------------------
With 52 processes
------------------------------------
 runtime: 0.153856 s
------------------------------------
With 52 processes
------------------------------------
 runtime: 0.175007 s
------------------------------------
With 52 processes
processor_53
------------------------------------
 runtime: 0.160400 s
------------------------------------
With 53 processes
------------------------------------
 runtime: 0.164994 s
------------------------------------
With 53 processes
------------------------------------
 runtime: 0.174245 s
------------------------------------
With 53 processes
------------------------------------
 runtime: 0.190725 s
------------------------------------
With 53 processes
------------------------------------
 runtime: 0.160028 s
------------------------------------
With 53 processes
processor_54
------------------------------------
 runtime: 0.228052 s
------------------------------------
With 54 processes
------------------------------------
 runtime: 0.146378 s
------------------------------------
With 54 processes
------------------------------------
 runtime: 0.158479 s
------------------------------------
With 54 processes
------------------------------------
 runtime: 0.205077 s
------------------------------------
With 54 processes
------------------------------------
 runtime: 0.187363 s
------------------------------------
With 54 processes
processor_55
------------------------------------
 runtime: 0.194071 s
------------------------------------
With 55 processes
------------------------------------
 runtime: 0.149953 s
------------------------------------
With 55 processes
------------------------------------
 runtime: 0.168232 s
------------------------------------
With 55 processes
------------------------------------
 runtime: 0.168518 s
------------------------------------
With 55 processes
------------------------------------
 runtime: 0.154927 s
------------------------------------
With 55 processes
processor_56
------------------------------------
 runtime: 0.147374 s
------------------------------------
With 56 processes
------------------------------------
 runtime: 0.156157 s
------------------------------------
With 56 processes
------------------------------------
 runtime: 0.176043 s
------------------------------------
With 56 processes
------------------------------------
 runtime: 0.152435 s
------------------------------------
With 56 processes
------------------------------------
 runtime: 0.166775 s
------------------------------------
With 56 processes
