Running on host compute084.bc4.acrc.priv
Time is Sun Dec 15 20:49:46 GMT 2019
Directory is /mnt/storage/home/fh19804/Stencil/MPI
Slurm job ID is 2917892

This job runs on the following machines:
compute[084,086]

------------------------------------
 runtime: 1.567397 s
------------------------------------
With 2 processes
------------------------------------
 runtime: 0.833637 s
------------------------------------
With 4 processes
------------------------------------
 runtime: 0.500061 s
------------------------------------
With 8 processes
------------------------------------
 runtime: 0.419948 s
------------------------------------
With 16 processes
