Running on host compute084.bc4.acrc.priv
Time is Sun Dec 15 20:57:41 GMT 2019
Directory is /mnt/storage/home/fh19804/Stencil/MPI
Slurm job ID is 2917895

This job runs on the following machines:
compute[084,086]

------------------------------------
 runtime: 5.648617 s
------------------------------------
With 2 processes
------------------------------------
 runtime: 2.943082 s
------------------------------------
With 4 processes
------------------------------------
 runtime: 1.707248 s
------------------------------------
With 8 processes
------------------------------------
 runtime: 1.359082 s
------------------------------------
With 16 processes
