Running on host compute087.bc4.acrc.priv
Time is Sun Dec 15 21:39:27 GMT 2019
Directory is /mnt/storage/home/fh19804/Stencil/MPI
Slurm job ID is 2917934

This job runs on the following machines:
compute[087-088]

processor_1
------------------------------------
 runtime: 0.135765 s
------------------------------------
------------------------------------
 runtime: 0.131660 s
------------------------------------
------------------------------------
 runtime: 0.131306 s
------------------------------------
------------------------------------
 runtime: 0.132404 s
------------------------------------
------------------------------------
 runtime: 0.132979 s
------------------------------------
processor_2
------------------------------------
 runtime: 0.079886 s
------------------------------------
With 2 processes
------------------------------------
 runtime: 0.083123 s
------------------------------------
With 2 processes
------------------------------------
 runtime: 0.079124 s
------------------------------------
With 2 processes
------------------------------------
 runtime: 0.090548 s
------------------------------------
With 2 processes
------------------------------------
 runtime: 0.084155 s
------------------------------------
With 2 processes
processor_3
------------------------------------
 runtime: 0.064202 s
------------------------------------
With 3 processes
------------------------------------
 runtime: 0.058049 s
------------------------------------
With 3 processes
------------------------------------
 runtime: 0.062988 s
------------------------------------
With 3 processes
------------------------------------
 runtime: 0.057813 s
------------------------------------
With 3 processes
------------------------------------
 runtime: 0.063268 s
------------------------------------
With 3 processes
processor_4
------------------------------------
 runtime: 0.042642 s
------------------------------------
With 4 processes
------------------------------------
 runtime: 0.042320 s
------------------------------------
With 4 processes
------------------------------------
 runtime: 0.042885 s
------------------------------------
With 4 processes
------------------------------------
 runtime: 0.042251 s
------------------------------------
With 4 processes
------------------------------------
 runtime: 0.042244 s
------------------------------------
With 4 processes
processor_5
------------------------------------
 runtime: 0.035847 s
------------------------------------
With 5 processes
------------------------------------
 runtime: 0.035764 s
------------------------------------
With 5 processes
------------------------------------
 runtime: 0.035790 s
------------------------------------
With 5 processes
------------------------------------
 runtime: 0.036169 s
------------------------------------
With 5 processes
------------------------------------
 runtime: 0.034781 s
------------------------------------
With 5 processes
processor_6
------------------------------------
 runtime: 0.031706 s
------------------------------------
With 6 processes
------------------------------------
 runtime: 0.032022 s
------------------------------------
With 6 processes
------------------------------------
 runtime: 0.032159 s
------------------------------------
With 6 processes
------------------------------------
 runtime: 0.032439 s
------------------------------------
With 6 processes
------------------------------------
 runtime: 0.030497 s
------------------------------------
With 6 processes
processor_7
------------------------------------
 runtime: 0.028498 s
------------------------------------
With 7 processes
------------------------------------
 runtime: 0.028063 s
------------------------------------
With 7 processes
------------------------------------
 runtime: 0.028269 s
------------------------------------
With 7 processes
------------------------------------
 runtime: 0.027095 s
------------------------------------
With 7 processes
------------------------------------
 runtime: 0.028220 s
------------------------------------
With 7 processes
processor_8
------------------------------------
 runtime: 0.025356 s
------------------------------------
With 8 processes
------------------------------------
 runtime: 0.025546 s
------------------------------------
With 8 processes
------------------------------------
 runtime: 0.025418 s
------------------------------------
With 8 processes
------------------------------------
 runtime: 0.025637 s
------------------------------------
With 8 processes
------------------------------------
 runtime: 0.025740 s
------------------------------------
With 8 processes
processor_9
------------------------------------
 runtime: 0.023986 s
------------------------------------
With 9 processes
------------------------------------
 runtime: 0.024364 s
------------------------------------
With 9 processes
------------------------------------
 runtime: 0.023615 s
------------------------------------
With 9 processes
------------------------------------
 runtime: 0.023854 s
------------------------------------
With 9 processes
------------------------------------
 runtime: 0.024239 s
------------------------------------
With 9 processes
processor_10
------------------------------------
 runtime: 0.026013 s
------------------------------------
With 10 processes
------------------------------------
 runtime: 0.022097 s
------------------------------------
With 10 processes
------------------------------------
 runtime: 0.024129 s
------------------------------------
With 10 processes
------------------------------------
 runtime: 0.026502 s
------------------------------------
With 10 processes
------------------------------------
 runtime: 0.021504 s
------------------------------------
With 10 processes
processor_11
------------------------------------
 runtime: 0.021024 s
------------------------------------
With 11 processes
------------------------------------
 runtime: 0.021280 s
------------------------------------
With 11 processes
------------------------------------
 runtime: 0.020921 s
------------------------------------
With 11 processes
------------------------------------
 runtime: 0.020833 s
------------------------------------
With 11 processes
------------------------------------
 runtime: 0.029658 s
------------------------------------
With 11 processes
processor_12
------------------------------------
 runtime: 0.025305 s
------------------------------------
With 12 processes
------------------------------------
 runtime: 0.020597 s
------------------------------------
With 12 processes
------------------------------------
 runtime: 0.020467 s
------------------------------------
With 12 processes
------------------------------------
 runtime: 0.021475 s
------------------------------------
With 12 processes
------------------------------------
 runtime: 0.020716 s
------------------------------------
With 12 processes
processor_13
------------------------------------
 runtime: 0.020042 s
------------------------------------
With 13 processes
------------------------------------
 runtime: 0.019100 s
------------------------------------
With 13 processes
------------------------------------
 runtime: 0.019468 s
------------------------------------
With 13 processes
------------------------------------
 runtime: 0.019193 s
------------------------------------
With 13 processes
------------------------------------
 runtime: 0.020052 s
------------------------------------
With 13 processes
processor_14
------------------------------------
 runtime: 0.019567 s
------------------------------------
With 14 processes
------------------------------------
 runtime: 0.019867 s
------------------------------------
With 14 processes
------------------------------------
 runtime: 0.018906 s
------------------------------------
With 14 processes
------------------------------------
 runtime: 0.019166 s
------------------------------------
With 14 processes
------------------------------------
 runtime: 0.019152 s
------------------------------------
With 14 processes
processor_15
------------------------------------
 runtime: 0.029084 s
------------------------------------
With 15 processes
------------------------------------
 runtime: 0.018807 s
------------------------------------
With 15 processes
------------------------------------
 runtime: 0.019385 s
------------------------------------
With 15 processes
------------------------------------
 runtime: 0.019611 s
------------------------------------
With 15 processes
------------------------------------
 runtime: 0.021314 s
------------------------------------
With 15 processes
processor_16
------------------------------------
 runtime: 0.019085 s
------------------------------------
With 16 processes
------------------------------------
 runtime: 0.018838 s
------------------------------------
With 16 processes
------------------------------------
 runtime: 0.018518 s
------------------------------------
With 16 processes
------------------------------------
 runtime: 0.018988 s
------------------------------------
With 16 processes
------------------------------------
 runtime: 0.017567 s
------------------------------------
With 16 processes
processor_17
------------------------------------
 runtime: 0.018681 s
------------------------------------
With 17 processes
------------------------------------
 runtime: 0.018647 s
------------------------------------
With 17 processes
------------------------------------
 runtime: 0.019244 s
------------------------------------
With 17 processes
------------------------------------
 runtime: 0.017290 s
------------------------------------
With 17 processes
------------------------------------
 runtime: 0.018543 s
------------------------------------
With 17 processes
processor_18
------------------------------------
 runtime: 0.019979 s
------------------------------------
With 18 processes
------------------------------------
 runtime: 0.017680 s
------------------------------------
With 18 processes
------------------------------------
 runtime: 0.018181 s
------------------------------------
With 18 processes
------------------------------------
 runtime: 0.018055 s
------------------------------------
With 18 processes
------------------------------------
 runtime: 0.019001 s
------------------------------------
With 18 processes
processor_19
------------------------------------
 runtime: 0.019388 s
------------------------------------
With 19 processes
------------------------------------
 runtime: 0.021255 s
------------------------------------
With 19 processes
------------------------------------
 runtime: 0.019269 s
------------------------------------
With 19 processes
------------------------------------
 runtime: 0.018409 s
------------------------------------
With 19 processes
------------------------------------
 runtime: 0.017864 s
------------------------------------
With 19 processes
processor_20
------------------------------------
 runtime: 0.017731 s
------------------------------------
With 20 processes
------------------------------------
 runtime: 0.017804 s
------------------------------------
With 20 processes
------------------------------------
 runtime: 0.018864 s
------------------------------------
With 20 processes
------------------------------------
 runtime: 0.020421 s
------------------------------------
With 20 processes
------------------------------------
 runtime: 0.018737 s
------------------------------------
With 20 processes
processor_21
------------------------------------
 runtime: 0.019426 s
------------------------------------
With 21 processes
------------------------------------
 runtime: 0.019031 s
------------------------------------
With 21 processes
------------------------------------
 runtime: 0.017619 s
------------------------------------
With 21 processes
------------------------------------
 runtime: 0.017583 s
------------------------------------
With 21 processes
------------------------------------
 runtime: 0.017569 s
------------------------------------
With 21 processes
processor_22
------------------------------------
 runtime: 0.018929 s
------------------------------------
With 22 processes
------------------------------------
 runtime: 0.021459 s
------------------------------------
With 22 processes
------------------------------------
 runtime: 0.019345 s
------------------------------------
With 22 processes
------------------------------------
 runtime: 0.018612 s
------------------------------------
With 22 processes
------------------------------------
 runtime: 0.018304 s
------------------------------------
With 22 processes
processor_23
------------------------------------
 runtime: 0.016280 s
------------------------------------
With 23 processes
------------------------------------
 runtime: 0.017768 s
------------------------------------
With 23 processes
------------------------------------
 runtime: 0.017666 s
------------------------------------
With 23 processes
------------------------------------
 runtime: 0.017164 s
------------------------------------
With 23 processes
------------------------------------
 runtime: 0.017148 s
------------------------------------
With 23 processes
processor_24
------------------------------------
 runtime: 0.016686 s
------------------------------------
With 24 processes
------------------------------------
 runtime: 0.016405 s
------------------------------------
With 24 processes
------------------------------------
 runtime: 0.017064 s
------------------------------------
With 24 processes
------------------------------------
 runtime: 0.018850 s
------------------------------------
With 24 processes
------------------------------------
 runtime: 0.015472 s
------------------------------------
With 24 processes
processor_25
------------------------------------
 runtime: 0.019808 s
------------------------------------
With 25 processes
------------------------------------
 runtime: 0.016637 s
------------------------------------
With 25 processes
------------------------------------
 runtime: 0.016991 s
------------------------------------
With 25 processes
------------------------------------
 runtime: 0.020766 s
------------------------------------
With 25 processes
------------------------------------
 runtime: 0.018577 s
------------------------------------
With 25 processes
processor_26
------------------------------------
 runtime: 0.017565 s
------------------------------------
With 26 processes
------------------------------------
 runtime: 0.017551 s
------------------------------------
With 26 processes
------------------------------------
 runtime: 0.018146 s
------------------------------------
With 26 processes
------------------------------------
 runtime: 0.015959 s
------------------------------------
With 26 processes
------------------------------------
 runtime: 0.016649 s
------------------------------------
With 26 processes
processor_27
------------------------------------
 runtime: 0.016948 s
------------------------------------
With 27 processes
------------------------------------
 runtime: 0.019339 s
------------------------------------
With 27 processes
------------------------------------
 runtime: 0.017798 s
------------------------------------
With 27 processes
------------------------------------
 runtime: 0.017722 s
------------------------------------
With 27 processes
------------------------------------
 runtime: 0.019319 s
------------------------------------
With 27 processes
processor_28
------------------------------------
 runtime: 0.017971 s
------------------------------------
With 28 processes
------------------------------------
 runtime: 0.023097 s
------------------------------------
With 28 processes
------------------------------------
 runtime: 0.019651 s
------------------------------------
With 28 processes
------------------------------------
 runtime: 0.019779 s
------------------------------------
With 28 processes
------------------------------------
 runtime: 0.019579 s
------------------------------------
With 28 processes
processor_29
------------------------------------
 runtime: 0.016985 s
------------------------------------
With 29 processes
------------------------------------
 runtime: 0.018623 s
------------------------------------
With 29 processes
------------------------------------
 runtime: 0.019287 s
------------------------------------
With 29 processes
------------------------------------
 runtime: 0.017805 s
------------------------------------
With 29 processes
------------------------------------
 runtime: 0.020321 s
------------------------------------
With 29 processes
processor_30
------------------------------------
 runtime: 0.022756 s
------------------------------------
With 30 processes
------------------------------------
 runtime: 0.020573 s
------------------------------------
With 30 processes
------------------------------------
 runtime: 0.017239 s
------------------------------------
With 30 processes
------------------------------------
 runtime: 0.018408 s
------------------------------------
With 30 processes
------------------------------------
 runtime: 0.021395 s
------------------------------------
With 30 processes
processor_31
------------------------------------
 runtime: 0.020662 s
------------------------------------
With 31 processes
------------------------------------
 runtime: 0.020016 s
------------------------------------
With 31 processes
------------------------------------
 runtime: 0.021284 s
------------------------------------
With 31 processes
------------------------------------
 runtime: 0.018504 s
------------------------------------
With 31 processes
------------------------------------
 runtime: 0.018764 s
------------------------------------
With 31 processes
processor_32
------------------------------------
 runtime: 0.020633 s
------------------------------------
With 32 processes
------------------------------------
 runtime: 0.018557 s
------------------------------------
With 32 processes
------------------------------------
 runtime: 0.021394 s
------------------------------------
With 32 processes
------------------------------------
 runtime: 0.020029 s
------------------------------------
With 32 processes
------------------------------------
 runtime: 0.019324 s
------------------------------------
With 32 processes
processor_33
------------------------------------
 runtime: 0.019926 s
------------------------------------
With 33 processes
------------------------------------
 runtime: 0.020362 s
------------------------------------
With 33 processes
------------------------------------
 runtime: 0.019905 s
------------------------------------
With 33 processes
------------------------------------
 runtime: 0.018745 s
------------------------------------
With 33 processes
------------------------------------
 runtime: 0.020002 s
------------------------------------
With 33 processes
processor_34
------------------------------------
 runtime: 0.017882 s
------------------------------------
With 34 processes
------------------------------------
 runtime: 0.020886 s
------------------------------------
With 34 processes
------------------------------------
 runtime: 0.022850 s
------------------------------------
With 34 processes
------------------------------------
 runtime: 0.020931 s
------------------------------------
With 34 processes
------------------------------------
 runtime: 0.025619 s
------------------------------------
With 34 processes
processor_35
------------------------------------
 runtime: 0.021976 s
------------------------------------
With 35 processes
------------------------------------
 runtime: 0.020619 s
------------------------------------
With 35 processes
------------------------------------
 runtime: 0.021639 s
------------------------------------
With 35 processes
------------------------------------
 runtime: 0.021192 s
------------------------------------
With 35 processes
------------------------------------
 runtime: 0.020098 s
------------------------------------
With 35 processes
processor_36
------------------------------------
 runtime: 0.019903 s
------------------------------------
With 36 processes
------------------------------------
 runtime: 0.022495 s
------------------------------------
With 36 processes
------------------------------------
 runtime: 0.019743 s
------------------------------------
With 36 processes
------------------------------------
 runtime: 0.022331 s
------------------------------------
With 36 processes
------------------------------------
 runtime: 0.021407 s
------------------------------------
With 36 processes
processor_37
------------------------------------
 runtime: 0.021216 s
------------------------------------
With 37 processes
------------------------------------
 runtime: 0.019307 s
------------------------------------
With 37 processes
------------------------------------
 runtime: 0.021836 s
------------------------------------
With 37 processes
------------------------------------
 runtime: 0.022521 s
------------------------------------
With 37 processes
------------------------------------
 runtime: 0.023640 s
------------------------------------
With 37 processes
processor_38
------------------------------------
 runtime: 0.021881 s
------------------------------------
With 38 processes
------------------------------------
 runtime: 0.023525 s
------------------------------------
With 38 processes
------------------------------------
 runtime: 0.020841 s
------------------------------------
With 38 processes
------------------------------------
 runtime: 0.017551 s
------------------------------------
With 38 processes
------------------------------------
 runtime: 0.020195 s
------------------------------------
With 38 processes
processor_39
------------------------------------
 runtime: 0.020288 s
------------------------------------
With 39 processes
------------------------------------
 runtime: 0.023620 s
------------------------------------
With 39 processes
------------------------------------
 runtime: 0.021766 s
------------------------------------
With 39 processes
------------------------------------
 runtime: 0.023746 s
------------------------------------
With 39 processes
------------------------------------
 runtime: 0.021997 s
------------------------------------
With 39 processes
processor_40
------------------------------------
 runtime: 0.024750 s
------------------------------------
With 40 processes
------------------------------------
 runtime: 0.020287 s
------------------------------------
With 40 processes
------------------------------------
 runtime: 0.022999 s
------------------------------------
With 40 processes
------------------------------------
 runtime: 0.022548 s
------------------------------------
With 40 processes
------------------------------------
 runtime: 0.020911 s
------------------------------------
With 40 processes
processor_41
------------------------------------
 runtime: 0.021425 s
------------------------------------
With 41 processes
------------------------------------
 runtime: 0.021031 s
------------------------------------
With 41 processes
------------------------------------
 runtime: 0.023946 s
------------------------------------
With 41 processes
------------------------------------
 runtime: 0.025372 s
------------------------------------
With 41 processes
------------------------------------
 runtime: 0.023751 s
------------------------------------
With 41 processes
processor_42
------------------------------------
 runtime: 0.022762 s
------------------------------------
With 42 processes
------------------------------------
 runtime: 0.021603 s
------------------------------------
With 42 processes
------------------------------------
 runtime: 0.021186 s
------------------------------------
With 42 processes
------------------------------------
 runtime: 0.023170 s
------------------------------------
With 42 processes
------------------------------------
 runtime: 0.024080 s
------------------------------------
With 42 processes
processor_43
------------------------------------
 runtime: 0.023071 s
------------------------------------
With 43 processes
------------------------------------
 runtime: 0.024314 s
------------------------------------
With 43 processes
------------------------------------
 runtime: 0.024988 s
------------------------------------
With 43 processes
------------------------------------
 runtime: 0.022756 s
------------------------------------
With 43 processes
------------------------------------
 runtime: 0.024856 s
------------------------------------
With 43 processes
processor_44
------------------------------------
 runtime: 0.025070 s
------------------------------------
With 44 processes
------------------------------------
 runtime: 0.026038 s
------------------------------------
With 44 processes
------------------------------------
 runtime: 0.025397 s
------------------------------------
With 44 processes
------------------------------------
 runtime: 0.025156 s
------------------------------------
With 44 processes
------------------------------------
 runtime: 0.022651 s
------------------------------------
With 44 processes
processor_45
------------------------------------
 runtime: 0.022821 s
------------------------------------
With 45 processes
------------------------------------
 runtime: 0.022928 s
------------------------------------
With 45 processes
------------------------------------
 runtime: 0.026553 s
------------------------------------
With 45 processes
------------------------------------
 runtime: 0.024232 s
------------------------------------
With 45 processes
------------------------------------
 runtime: 0.023826 s
------------------------------------
With 45 processes
processor_46
------------------------------------
 runtime: 0.023769 s
------------------------------------
With 46 processes
------------------------------------
 runtime: 0.024161 s
------------------------------------
With 46 processes
------------------------------------
 runtime: 0.023886 s
------------------------------------
With 46 processes
------------------------------------
 runtime: 0.023965 s
------------------------------------
With 46 processes
------------------------------------
 runtime: 0.024863 s
------------------------------------
With 46 processes
processor_47
------------------------------------
 runtime: 0.025913 s
------------------------------------
With 47 processes
------------------------------------
 runtime: 0.025994 s
------------------------------------
With 47 processes
------------------------------------
 runtime: 0.025866 s
------------------------------------
With 47 processes
------------------------------------
 runtime: 0.026034 s
------------------------------------
With 47 processes
------------------------------------
 runtime: 0.025016 s
------------------------------------
With 47 processes
processor_48
------------------------------------
 runtime: 0.026642 s
------------------------------------
With 48 processes
------------------------------------
 runtime: 0.028803 s
------------------------------------
With 48 processes
------------------------------------
 runtime: 0.024996 s
------------------------------------
With 48 processes
------------------------------------
 runtime: 0.026218 s
------------------------------------
With 48 processes
------------------------------------
 runtime: 0.025590 s
------------------------------------
With 48 processes
processor_49
------------------------------------
 runtime: 0.024944 s
------------------------------------
With 49 processes
------------------------------------
 runtime: 0.028506 s
------------------------------------
With 49 processes
------------------------------------
 runtime: 0.025687 s
------------------------------------
With 49 processes
------------------------------------
 runtime: 0.030556 s
------------------------------------
With 49 processes
------------------------------------
 runtime: 0.030645 s
------------------------------------
With 49 processes
processor_50
------------------------------------
 runtime: 0.027570 s
------------------------------------
With 50 processes
------------------------------------
 runtime: 0.027045 s
------------------------------------
With 50 processes
------------------------------------
 runtime: 0.026644 s
------------------------------------
With 50 processes
------------------------------------
 runtime: 0.028718 s
------------------------------------
With 50 processes
------------------------------------
 runtime: 0.094005 s
------------------------------------
With 50 processes
processor_51
------------------------------------
 runtime: 0.027931 s
------------------------------------
With 51 processes
------------------------------------
 runtime: 0.027759 s
------------------------------------
With 51 processes
------------------------------------
 runtime: 0.030103 s
------------------------------------
With 51 processes
------------------------------------
 runtime: 0.028918 s
------------------------------------
With 51 processes
------------------------------------
 runtime: 0.029210 s
------------------------------------
With 51 processes
processor_52
------------------------------------
 runtime: 0.028271 s
------------------------------------
With 52 processes
------------------------------------
 runtime: 0.031038 s
------------------------------------
With 52 processes
------------------------------------
 runtime: 0.026022 s
------------------------------------
With 52 processes
------------------------------------
 runtime: 0.025099 s
------------------------------------
With 52 processes
------------------------------------
 runtime: 0.028916 s
------------------------------------
With 52 processes
processor_53
------------------------------------
 runtime: 0.026544 s
------------------------------------
With 53 processes
------------------------------------
 runtime: 0.198431 s
------------------------------------
With 53 processes
------------------------------------
 runtime: 0.032388 s
------------------------------------
With 53 processes
------------------------------------
 runtime: 0.028181 s
------------------------------------
With 53 processes
------------------------------------
 runtime: 0.030733 s
------------------------------------
With 53 processes
processor_54
------------------------------------
 runtime: 0.028692 s
------------------------------------
With 54 processes
------------------------------------
 runtime: 0.029249 s
------------------------------------
With 54 processes
------------------------------------
 runtime: 0.125245 s
------------------------------------
With 54 processes
------------------------------------
 runtime: 0.029558 s
------------------------------------
With 54 processes
------------------------------------
 runtime: 0.147399 s
------------------------------------
With 54 processes
processor_55
------------------------------------
 runtime: 0.030768 s
------------------------------------
With 55 processes
------------------------------------
 runtime: 0.031055 s
------------------------------------
With 55 processes
------------------------------------
 runtime: 0.176275 s
------------------------------------
With 55 processes
------------------------------------
 runtime: 0.030746 s
------------------------------------
With 55 processes
------------------------------------
 runtime: 0.032766 s
------------------------------------
With 55 processes
processor_56
------------------------------------
 runtime: 0.101532 s
------------------------------------
With 56 processes
------------------------------------
 runtime: 0.029126 s
------------------------------------
With 56 processes
------------------------------------
 runtime: 0.029874 s
------------------------------------
With 56 processes
------------------------------------
 runtime: 0.162651 s
------------------------------------
With 56 processes
------------------------------------
 runtime: 0.030558 s
------------------------------------
With 56 processes
