Running on host compute090.bc4.acrc.priv
Time is Tue Dec 10 19:50:39 GMT 2019
Directory is /mnt/storage/home/fh19804/Stencil/MPI
Slurm job ID is 2891619

This job runs on the following machines:
compute[090-091]

processor_1
------------------------------------
 runtime: 0.103393 s
------------------------------------
------------------------------------
 runtime: 0.115287 s
------------------------------------
------------------------------------
 runtime: 0.132053 s
------------------------------------
------------------------------------
 runtime: 0.134424 s
------------------------------------
------------------------------------
 runtime: 0.131875 s
------------------------------------
processor_2
------------------------------------
 runtime: 0.088675 s
------------------------------------
With 2 processes
------------------------------------
 runtime: 0.083120 s
------------------------------------
With 2 processes
------------------------------------
 runtime: 0.085227 s
------------------------------------
With 2 processes
------------------------------------
 runtime: 0.080098 s
------------------------------------
With 2 processes
------------------------------------
 runtime: 0.084499 s
------------------------------------
With 2 processes
processor_3
------------------------------------
 runtime: 0.058726 s
------------------------------------
With 3 processes
------------------------------------
 runtime: 0.065508 s
------------------------------------
With 3 processes
------------------------------------
 runtime: 0.066493 s
------------------------------------
With 3 processes
------------------------------------
 runtime: 0.057845 s
------------------------------------
With 3 processes
------------------------------------
 runtime: 0.057315 s
------------------------------------
With 3 processes
processor_4
------------------------------------
 runtime: 0.044436 s
------------------------------------
With 4 processes
------------------------------------
 runtime: 0.046624 s
------------------------------------
With 4 processes
------------------------------------
 runtime: 0.043383 s
------------------------------------
With 4 processes
------------------------------------
 runtime: 0.040977 s
------------------------------------
With 4 processes
------------------------------------
 runtime: 0.044819 s
------------------------------------
With 4 processes
processor_5
------------------------------------
 runtime: 0.036910 s
------------------------------------
With 5 processes
------------------------------------
 runtime: 0.036513 s
------------------------------------
With 5 processes
------------------------------------
 runtime: 0.036024 s
------------------------------------
With 5 processes
------------------------------------
 runtime: 0.036361 s
------------------------------------
With 5 processes
------------------------------------
 runtime: 0.036446 s
------------------------------------
With 5 processes
processor_6
------------------------------------
 runtime: 0.033690 s
------------------------------------
With 6 processes
------------------------------------
 runtime: 0.032277 s
------------------------------------
With 6 processes
------------------------------------
 runtime: 0.031963 s
------------------------------------
With 6 processes
------------------------------------
 runtime: 0.031860 s
------------------------------------
With 6 processes
------------------------------------
 runtime: 0.032754 s
------------------------------------
With 6 processes
processor_7
------------------------------------
 runtime: 0.029152 s
------------------------------------
With 7 processes
------------------------------------
 runtime: 0.029207 s
------------------------------------
With 7 processes
------------------------------------
 runtime: 0.028977 s
------------------------------------
With 7 processes
------------------------------------
 runtime: 0.029213 s
------------------------------------
With 7 processes
------------------------------------
 runtime: 0.029304 s
------------------------------------
With 7 processes
processor_8
------------------------------------
 runtime: 0.024615 s
------------------------------------
With 8 processes
------------------------------------
 runtime: 0.024120 s
------------------------------------
With 8 processes
------------------------------------
 runtime: 0.024064 s
------------------------------------
With 8 processes
------------------------------------
 runtime: 0.024577 s
------------------------------------
With 8 processes
------------------------------------
 runtime: 0.024429 s
------------------------------------
With 8 processes
processor_9
------------------------------------
 runtime: 0.022677 s
------------------------------------
With 9 processes
------------------------------------
 runtime: 0.022388 s
------------------------------------
With 9 processes
------------------------------------
 runtime: 0.022299 s
------------------------------------
With 9 processes
------------------------------------
 runtime: 0.024262 s
------------------------------------
With 9 processes
------------------------------------
 runtime: 0.022327 s
------------------------------------
With 9 processes
processor_10
------------------------------------
 runtime: 0.021357 s
------------------------------------
With 10 processes
------------------------------------
 runtime: 0.020794 s
------------------------------------
With 10 processes
------------------------------------
 runtime: 0.020558 s
------------------------------------
With 10 processes
------------------------------------
 runtime: 0.020663 s
------------------------------------
With 10 processes
------------------------------------
 runtime: 0.021928 s
------------------------------------
With 10 processes
processor_11
------------------------------------
 runtime: 0.021123 s
------------------------------------
With 11 processes
------------------------------------
 runtime: 0.020024 s
------------------------------------
With 11 processes
------------------------------------
 runtime: 0.020762 s
------------------------------------
With 11 processes
------------------------------------
 runtime: 0.019845 s
------------------------------------
With 11 processes
------------------------------------
 runtime: 0.021380 s
------------------------------------
With 11 processes
processor_12
------------------------------------
 runtime: 0.019506 s
------------------------------------
With 12 processes
------------------------------------
 runtime: 0.018507 s
------------------------------------
With 12 processes
------------------------------------
 runtime: 0.018372 s
------------------------------------
With 12 processes
------------------------------------
 runtime: 0.022437 s
------------------------------------
With 12 processes
------------------------------------
 runtime: 0.019318 s
------------------------------------
With 12 processes
processor_13
------------------------------------
 runtime: 0.017932 s
------------------------------------
With 13 processes
------------------------------------
 runtime: 0.018236 s
------------------------------------
With 13 processes
------------------------------------
 runtime: 0.018569 s
------------------------------------
With 13 processes
------------------------------------
 runtime: 0.020666 s
------------------------------------
With 13 processes
------------------------------------
 runtime: 0.017503 s
------------------------------------
With 13 processes
processor_14
------------------------------------
 runtime: 0.019940 s
------------------------------------
With 14 processes
------------------------------------
 runtime: 0.019635 s
------------------------------------
With 14 processes
------------------------------------
 runtime: 0.017136 s
------------------------------------
With 14 processes
------------------------------------
 runtime: 0.017780 s
------------------------------------
With 14 processes
------------------------------------
 runtime: 0.017191 s
------------------------------------
With 14 processes
processor_15
------------------------------------
 runtime: 0.016313 s
------------------------------------
With 15 processes
------------------------------------
 runtime: 0.017887 s
------------------------------------
With 15 processes
------------------------------------
 runtime: 0.018175 s
------------------------------------
With 15 processes
------------------------------------
 runtime: 0.018422 s
------------------------------------
With 15 processes
------------------------------------
 runtime: 0.020250 s
------------------------------------
With 15 processes
processor_16
------------------------------------
 runtime: 0.016401 s
------------------------------------
With 16 processes
------------------------------------
 runtime: 0.016777 s
------------------------------------
With 16 processes
------------------------------------
 runtime: 0.021218 s
------------------------------------
With 16 processes
------------------------------------
 runtime: 0.017902 s
------------------------------------
With 16 processes
------------------------------------
 runtime: 0.015575 s
------------------------------------
With 16 processes
processor_17
------------------------------------
 runtime: 0.015435 s
------------------------------------
With 17 processes
------------------------------------
 runtime: 0.016201 s
------------------------------------
With 17 processes
------------------------------------
 runtime: 0.016786 s
------------------------------------
With 17 processes
------------------------------------
 runtime: 0.018991 s
------------------------------------
With 17 processes
------------------------------------
 runtime: 0.020943 s
------------------------------------
With 17 processes
processor_18
------------------------------------
 runtime: 0.017070 s
------------------------------------
With 18 processes
------------------------------------
 runtime: 0.018323 s
------------------------------------
With 18 processes
------------------------------------
 runtime: 0.017619 s
------------------------------------
With 18 processes
------------------------------------
 runtime: 0.016347 s
------------------------------------
With 18 processes
------------------------------------
 runtime: 0.017736 s
------------------------------------
With 18 processes
processor_19
------------------------------------
 runtime: 0.015750 s
------------------------------------
With 19 processes
------------------------------------
 runtime: 0.016569 s
------------------------------------
With 19 processes
------------------------------------
 runtime: 0.017599 s
------------------------------------
With 19 processes
------------------------------------
 runtime: 0.017236 s
------------------------------------
With 19 processes
------------------------------------
 runtime: 0.016653 s
------------------------------------
With 19 processes
processor_20
------------------------------------
 runtime: 0.016793 s
------------------------------------
With 20 processes
------------------------------------
 runtime: 0.017558 s
------------------------------------
With 20 processes
------------------------------------
 runtime: 0.017061 s
------------------------------------
With 20 processes
------------------------------------
 runtime: 0.016733 s
------------------------------------
With 20 processes
------------------------------------
 runtime: 0.021683 s
------------------------------------
With 20 processes
processor_21
------------------------------------
 runtime: 0.022707 s
------------------------------------
With 21 processes
------------------------------------
 runtime: 0.019079 s
------------------------------------
With 21 processes
------------------------------------
 runtime: 0.016970 s
------------------------------------
With 21 processes
------------------------------------
 runtime: 0.022320 s
------------------------------------
With 21 processes
------------------------------------
 runtime: 0.023653 s
------------------------------------
With 21 processes
processor_22
------------------------------------
 runtime: 0.016602 s
------------------------------------
With 22 processes
------------------------------------
 runtime: 0.018790 s
------------------------------------
With 22 processes
------------------------------------
 runtime: 0.017491 s
------------------------------------
With 22 processes
------------------------------------
 runtime: 0.015831 s
------------------------------------
With 22 processes
------------------------------------
 runtime: 0.014770 s
------------------------------------
With 22 processes
processor_23
------------------------------------
 runtime: 0.016673 s
------------------------------------
With 23 processes
------------------------------------
 runtime: 0.014990 s
------------------------------------
With 23 processes
------------------------------------
 runtime: 0.019814 s
------------------------------------
With 23 processes
------------------------------------
 runtime: 0.022410 s
------------------------------------
With 23 processes
------------------------------------
 runtime: 0.014888 s
------------------------------------
With 23 processes
processor_24
------------------------------------
 runtime: 0.014531 s
------------------------------------
With 24 processes
------------------------------------
 runtime: 0.017249 s
------------------------------------
With 24 processes
------------------------------------
 runtime: 0.016200 s
------------------------------------
With 24 processes
------------------------------------
 runtime: 0.014721 s
------------------------------------
With 24 processes
------------------------------------
 runtime: 0.015371 s
------------------------------------
With 24 processes
processor_25
------------------------------------
 runtime: 0.015279 s
------------------------------------
With 25 processes
------------------------------------
 runtime: 0.016665 s
------------------------------------
With 25 processes
------------------------------------
 runtime: 0.017196 s
------------------------------------
With 25 processes
------------------------------------
 runtime: 0.016021 s
------------------------------------
With 25 processes
------------------------------------
 runtime: 0.018702 s
------------------------------------
With 25 processes
processor_26
------------------------------------
 runtime: 0.014567 s
------------------------------------
With 26 processes
------------------------------------
 runtime: 0.018858 s
------------------------------------
With 26 processes
------------------------------------
 runtime: 0.015235 s
------------------------------------
With 26 processes
------------------------------------
 runtime: 0.014430 s
------------------------------------
With 26 processes
------------------------------------
 runtime: 0.014548 s
------------------------------------
With 26 processes
processor_27
------------------------------------
 runtime: 0.015985 s
------------------------------------
With 27 processes
------------------------------------
 runtime: 0.014405 s
------------------------------------
With 27 processes
------------------------------------
 runtime: 0.015939 s
------------------------------------
With 27 processes
------------------------------------
 runtime: 0.016169 s
------------------------------------
With 27 processes
------------------------------------
 runtime: 0.017527 s
------------------------------------
With 27 processes
processor_28
------------------------------------
 runtime: 0.013372 s
------------------------------------
With 28 processes
------------------------------------
 runtime: 0.017852 s
------------------------------------
With 28 processes
------------------------------------
 runtime: 0.014565 s
------------------------------------
With 28 processes
------------------------------------
 runtime: 0.016003 s
------------------------------------
With 28 processes
------------------------------------
 runtime: 0.016269 s
------------------------------------
With 28 processes
processor_29
------------------------------------
 runtime: 0.015451 s
------------------------------------
With 29 processes
------------------------------------
 runtime: 0.021690 s
------------------------------------
With 29 processes
------------------------------------
 runtime: 0.016327 s
------------------------------------
With 29 processes
------------------------------------
 runtime: 0.014347 s
------------------------------------
With 29 processes
------------------------------------
 runtime: 0.017682 s
------------------------------------
With 29 processes
processor_30
------------------------------------
 runtime: 0.016951 s
------------------------------------
With 30 processes
------------------------------------
 runtime: 0.013787 s
------------------------------------
With 30 processes
------------------------------------
 runtime: 0.016106 s
------------------------------------
With 30 processes
------------------------------------
 runtime: 0.017516 s
------------------------------------
With 30 processes
------------------------------------
 runtime: 0.018132 s
------------------------------------
With 30 processes
processor_31
------------------------------------
 runtime: 0.016058 s
------------------------------------
With 31 processes
------------------------------------
 runtime: 0.017667 s
------------------------------------
With 31 processes
------------------------------------
 runtime: 0.018170 s
------------------------------------
With 31 processes
------------------------------------
 runtime: 0.016073 s
------------------------------------
With 31 processes
------------------------------------
 runtime: 0.017857 s
------------------------------------
With 31 processes
processor_32
------------------------------------
 runtime: 0.017376 s
------------------------------------
With 32 processes
------------------------------------
 runtime: 0.016340 s
------------------------------------
With 32 processes
------------------------------------
 runtime: 0.016863 s
------------------------------------
With 32 processes
------------------------------------
 runtime: 0.016339 s
------------------------------------
With 32 processes
------------------------------------
 runtime: 0.015791 s
------------------------------------
With 32 processes
processor_33
------------------------------------
 runtime: 0.017595 s
------------------------------------
With 33 processes
------------------------------------
 runtime: 0.027966 s
------------------------------------
With 33 processes
------------------------------------
 runtime: 0.014844 s
------------------------------------
With 33 processes
------------------------------------
 runtime: 0.018658 s
------------------------------------
With 33 processes
------------------------------------
 runtime: 0.018071 s
------------------------------------
With 33 processes
processor_34
------------------------------------
 runtime: 0.015273 s
------------------------------------
With 34 processes
------------------------------------
 runtime: 0.017650 s
------------------------------------
With 34 processes
------------------------------------
 runtime: 0.018234 s
------------------------------------
With 34 processes
------------------------------------
 runtime: 0.015985 s
------------------------------------
With 34 processes
------------------------------------
 runtime: 0.016201 s
------------------------------------
With 34 processes
processor_35
------------------------------------
 runtime: 0.016667 s
------------------------------------
With 35 processes
------------------------------------
 runtime: 0.015076 s
------------------------------------
With 35 processes
------------------------------------
 runtime: 0.021256 s
------------------------------------
With 35 processes
------------------------------------
 runtime: 0.016266 s
------------------------------------
With 35 processes
------------------------------------
 runtime: 0.017159 s
------------------------------------
With 35 processes
processor_36
------------------------------------
 runtime: 0.022573 s
------------------------------------
With 36 processes
------------------------------------
 runtime: 0.020819 s
------------------------------------
With 36 processes
------------------------------------
 runtime: 0.017146 s
------------------------------------
With 36 processes
------------------------------------
 runtime: 0.015172 s
------------------------------------
With 36 processes
------------------------------------
 runtime: 0.015622 s
------------------------------------
With 36 processes
processor_37
------------------------------------
 runtime: 0.017147 s
------------------------------------
With 37 processes
------------------------------------
 runtime: 0.014506 s
------------------------------------
With 37 processes
------------------------------------
 runtime: 0.015267 s
------------------------------------
With 37 processes
------------------------------------
 runtime: 0.017396 s
------------------------------------
With 37 processes
------------------------------------
 runtime: 0.014718 s
------------------------------------
With 37 processes
processor_38
------------------------------------
 runtime: 0.101568 s
------------------------------------
With 38 processes
------------------------------------
 runtime: 0.022664 s
------------------------------------
With 38 processes
------------------------------------
 runtime: 0.020795 s
------------------------------------
With 38 processes
------------------------------------
 runtime: 0.019104 s
------------------------------------
With 38 processes
------------------------------------
 runtime: 0.017298 s
------------------------------------
With 38 processes
processor_39
------------------------------------
 runtime: 0.020864 s
------------------------------------
With 39 processes
------------------------------------
 runtime: 0.017657 s
------------------------------------
With 39 processes
------------------------------------
 runtime: 0.018772 s
------------------------------------
With 39 processes
------------------------------------
 runtime: 0.016850 s
------------------------------------
With 39 processes
------------------------------------
 runtime: 0.017997 s
------------------------------------
With 39 processes
processor_40
------------------------------------
 runtime: 0.017531 s
------------------------------------
With 40 processes
------------------------------------
 runtime: 0.016740 s
------------------------------------
With 40 processes
------------------------------------
 runtime: 0.017511 s
------------------------------------
With 40 processes
------------------------------------
 runtime: 0.018538 s
------------------------------------
With 40 processes
------------------------------------
 runtime: 0.019310 s
------------------------------------
With 40 processes
processor_41
------------------------------------
 runtime: 0.017906 s
------------------------------------
With 41 processes
------------------------------------
 runtime: 0.020509 s
------------------------------------
With 41 processes
------------------------------------
 runtime: 0.019724 s
------------------------------------
With 41 processes
------------------------------------
 runtime: 0.017292 s
------------------------------------
With 41 processes
------------------------------------
 runtime: 0.057682 s
------------------------------------
With 41 processes
processor_42
------------------------------------
 runtime: 0.016924 s
------------------------------------
With 42 processes
------------------------------------
 runtime: 0.016134 s
------------------------------------
With 42 processes
------------------------------------
 runtime: 0.016721 s
------------------------------------
With 42 processes
------------------------------------
 runtime: 0.017671 s
------------------------------------
With 42 processes
------------------------------------
 runtime: 0.017979 s
------------------------------------
With 42 processes
processor_43
------------------------------------
 runtime: 0.017179 s
------------------------------------
With 43 processes
------------------------------------
 runtime: 0.019114 s
------------------------------------
With 43 processes
------------------------------------
 runtime: 0.017555 s
------------------------------------
With 43 processes
------------------------------------
 runtime: 0.018653 s
------------------------------------
With 43 processes
------------------------------------
 runtime: 0.018498 s
------------------------------------
With 43 processes
processor_44
------------------------------------
 runtime: 0.017055 s
------------------------------------
With 44 processes
------------------------------------
 runtime: 0.016710 s
------------------------------------
With 44 processes
------------------------------------
 runtime: 0.018265 s
------------------------------------
With 44 processes
------------------------------------
 runtime: 0.017047 s
------------------------------------
With 44 processes
------------------------------------
 runtime: 0.018312 s
------------------------------------
With 44 processes
processor_45
------------------------------------
 runtime: 0.017415 s
------------------------------------
With 45 processes
------------------------------------
 runtime: 0.020462 s
------------------------------------
With 45 processes
------------------------------------
 runtime: 0.018060 s
------------------------------------
With 45 processes
------------------------------------
 runtime: 0.022845 s
------------------------------------
With 45 processes
------------------------------------
 runtime: 0.018110 s
------------------------------------
With 45 processes
processor_46
------------------------------------
 runtime: 0.018433 s
------------------------------------
With 46 processes
------------------------------------
 runtime: 0.017314 s
------------------------------------
With 46 processes
------------------------------------
 runtime: 0.017440 s
------------------------------------
With 46 processes
------------------------------------
 runtime: 0.017792 s
------------------------------------
With 46 processes
------------------------------------
 runtime: 0.018393 s
------------------------------------
With 46 processes
processor_47
------------------------------------
 runtime: 0.020152 s
------------------------------------
With 47 processes
------------------------------------
 runtime: 0.017189 s
------------------------------------
With 47 processes
------------------------------------
 runtime: 0.017610 s
------------------------------------
With 47 processes
------------------------------------
 runtime: 0.021103 s
------------------------------------
With 47 processes
------------------------------------
 runtime: 0.026191 s
------------------------------------
With 47 processes
processor_48
------------------------------------
 runtime: 0.019114 s
------------------------------------
With 48 processes
------------------------------------
 runtime: 0.017674 s
------------------------------------
With 48 processes
------------------------------------
 runtime: 0.020119 s
------------------------------------
With 48 processes
------------------------------------
 runtime: 0.018441 s
------------------------------------
With 48 processes
------------------------------------
 runtime: 0.021200 s
------------------------------------
With 48 processes
processor_49
------------------------------------
 runtime: 0.021296 s
------------------------------------
With 49 processes
------------------------------------
 runtime: 0.019483 s
------------------------------------
With 49 processes
------------------------------------
 runtime: 0.020356 s
------------------------------------
With 49 processes
------------------------------------
 runtime: 0.018915 s
------------------------------------
With 49 processes
------------------------------------
 runtime: 0.017650 s
------------------------------------
With 49 processes
processor_50
------------------------------------
 runtime: 0.022610 s
------------------------------------
With 50 processes
------------------------------------
 runtime: 0.021576 s
------------------------------------
With 50 processes
------------------------------------
 runtime: 0.080190 s
------------------------------------
With 50 processes
------------------------------------
 runtime: 0.018240 s
------------------------------------
With 50 processes
------------------------------------
 runtime: 0.019904 s
------------------------------------
With 50 processes
processor_51
------------------------------------
 runtime: 0.072060 s
------------------------------------
With 51 processes
------------------------------------
 runtime: 0.025642 s
------------------------------------
With 51 processes
------------------------------------
 runtime: 0.018514 s
------------------------------------
With 51 processes
------------------------------------
 runtime: 0.019916 s
------------------------------------
With 51 processes
------------------------------------
 runtime: 0.019445 s
------------------------------------
With 51 processes
processor_52
------------------------------------
 runtime: 0.019919 s
------------------------------------
With 52 processes
------------------------------------
 runtime: 0.081598 s
------------------------------------
With 52 processes
------------------------------------
 runtime: 0.019148 s
------------------------------------
With 52 processes
------------------------------------
 runtime: 0.018413 s
------------------------------------
With 52 processes
------------------------------------
 runtime: 0.020256 s
------------------------------------
With 52 processes
processor_53
------------------------------------
 runtime: 0.026129 s
------------------------------------
With 53 processes
------------------------------------
 runtime: 0.020994 s
------------------------------------
With 53 processes
------------------------------------
 runtime: 0.023154 s
------------------------------------
With 53 processes
------------------------------------
 runtime: 0.023481 s
------------------------------------
With 53 processes
------------------------------------
 runtime: 0.019068 s
------------------------------------
With 53 processes
processor_54
------------------------------------
 runtime: 0.019831 s
------------------------------------
With 54 processes
------------------------------------
 runtime: 0.021853 s
------------------------------------
With 54 processes
------------------------------------
 runtime: 0.021103 s
------------------------------------
With 54 processes
------------------------------------
 runtime: 0.018668 s
------------------------------------
With 54 processes
------------------------------------
 runtime: 0.078359 s
------------------------------------
With 54 processes
processor_55
------------------------------------
 runtime: 0.027472 s
------------------------------------
With 55 processes
------------------------------------
 runtime: 0.135327 s
------------------------------------
With 55 processes
------------------------------------
 runtime: 0.020910 s
------------------------------------
With 55 processes
------------------------------------
 runtime: 0.020724 s
------------------------------------
With 55 processes
------------------------------------
 runtime: 0.019127 s
------------------------------------
With 55 processes
processor_56
------------------------------------
 runtime: 0.019616 s
------------------------------------
With 56 processes
------------------------------------
 runtime: 0.020742 s
------------------------------------
With 56 processes
------------------------------------
 runtime: 0.159223 s
------------------------------------
With 56 processes
------------------------------------
 runtime: 0.022118 s
------------------------------------
With 56 processes
------------------------------------
 runtime: 0.021703 s
------------------------------------
With 56 processes
